000 (1706357.011.000) 08/02 22:49:53 Job submitted from host: <188.185.6.50:9618?addrs=188.185.6.50-9618+[2001-1458-d00-62--100-2b1]-9618&alias=bigbird25.cern.ch&noUDP&sock=schedd_8267_0d88>
...
040 (1706357.011.000) 08/02 23:01:10 Started transferring input files
	Transferring to host: <128.142.137.192:9618?addrs=128.142.137.192-9618+[2001-1458-301-5e--100-b4]-9618&alias=b7g19p1893.cern.ch&noUDP&sock=slot1_4_8146_5804_120320>
...
040 (1706357.011.000) 08/02 23:01:10 Finished transferring input files
...
001 (1706357.011.000) 08/02 23:01:11 Job executing on host: <128.142.137.192:9618?addrs=128.142.137.192-9618+[2001-1458-301-5e--100-b4]-9618&alias=b7g19p1893.cern.ch&noUDP&sock=startd_6849_6c3c>
...
006 (1706357.011.000) 08/02 23:01:20 Image size of job updated: 719220
	131  -  MemoryUsage of job (MB)
	133416  -  ResidentSetSize of job (KB)
...
006 (1706357.011.000) 08/02 23:06:21 Image size of job updated: 735036
	134  -  MemoryUsage of job (MB)
	136564  -  ResidentSetSize of job (KB)
...
006 (1706357.011.000) 08/02 23:11:22 Image size of job updated: 735608
	236  -  MemoryUsage of job (MB)
	241264  -  ResidentSetSize of job (KB)
...
006 (1706357.011.000) 08/02 23:16:22 Image size of job updated: 735608
	272  -  MemoryUsage of job (MB)
	278204  -  ResidentSetSize of job (KB)
...
006 (1706357.011.000) 08/02 23:21:22 Image size of job updated: 738244
	283  -  MemoryUsage of job (MB)
	288816  -  ResidentSetSize of job (KB)
...
006 (1706357.011.000) 08/02 23:26:23 Image size of job updated: 738244
	310  -  MemoryUsage of job (MB)
	317068  -  ResidentSetSize of job (KB)
...
006 (1706357.011.000) 08/02 23:31:24 Image size of job updated: 738244
	312  -  MemoryUsage of job (MB)
	318584  -  ResidentSetSize of job (KB)
...
006 (1706357.011.000) 08/02 23:41:24 Image size of job updated: 738516
	315  -  MemoryUsage of job (MB)
	322168  -  ResidentSetSize of job (KB)
...
006 (1706357.011.000) 08/02 23:46:25 Image size of job updated: 738600
	315  -  MemoryUsage of job (MB)
	322168  -  ResidentSetSize of job (KB)
...
040 (1706357.011.000) 08/03 01:48:18 Started transferring output files
...
040 (1706357.011.000) 08/03 01:48:18 Finished transferring output files
...
009 (1706357.011.000) 08/03 01:48:18 Job was aborted.
	Job removed by SYSTEM_PERIODIC_REMOVE due to wall time exceeded allowed max.
...
