000 (1706357.003.000) 08/02 22:49:53 Job submitted from host: <188.185.6.50:9618?addrs=188.185.6.50-9618+[2001-1458-d00-62--100-2b1]-9618&alias=bigbird25.cern.ch&noUDP&sock=schedd_8267_0d88>
...
040 (1706357.003.000) 08/02 23:01:08 Started transferring input files
	Transferring to host: <128.142.192.204:9618?addrs=128.142.192.204-9618+[2001-1458-301-56--100-48]-9618&alias=b7g18p9434.cern.ch&noUDP&sock=slot1_12_5961_d04b_123185>
...
040 (1706357.003.000) 08/02 23:01:08 Finished transferring input files
...
001 (1706357.003.000) 08/02 23:01:09 Job executing on host: <128.142.192.204:9618?addrs=128.142.192.204-9618+[2001-1458-301-56--100-48]-9618&alias=b7g18p9434.cern.ch&noUDP&sock=startd_5133_63b8>
...
006 (1706357.003.000) 08/02 23:01:18 Image size of job updated: 493512
	131  -  MemoryUsage of job (MB)
	133560  -  ResidentSetSize of job (KB)
...
006 (1706357.003.000) 08/02 23:06:19 Image size of job updated: 734224
	142  -  MemoryUsage of job (MB)
	144896  -  ResidentSetSize of job (KB)
...
006 (1706357.003.000) 08/02 23:11:19 Image size of job updated: 865076
	284  -  MemoryUsage of job (MB)
	290292  -  ResidentSetSize of job (KB)
...
006 (1706357.003.000) 08/02 23:16:19 Image size of job updated: 865076
	304  -  MemoryUsage of job (MB)
	310464  -  ResidentSetSize of job (KB)
...
006 (1706357.003.000) 08/02 23:21:20 Image size of job updated: 865076
	306  -  MemoryUsage of job (MB)
	312796  -  ResidentSetSize of job (KB)
...
006 (1706357.003.000) 08/02 23:31:20 Image size of job updated: 865080
	306  -  MemoryUsage of job (MB)
	312796  -  ResidentSetSize of job (KB)
...
040 (1706357.003.000) 08/03 01:26:26 Started transferring output files
...
040 (1706357.003.000) 08/03 01:26:26 Finished transferring output files
...
005 (1706357.003.000) 08/03 01:26:26 Job terminated.
	(1) Normal termination (return value 0)
		Usr 0 02:24:03, Sys 0 00:00:14  -  Run Remote Usage
		Usr 0 00:00:00, Sys 0 00:00:00  -  Run Local Usage
		Usr 0 02:24:03, Sys 0 00:00:14  -  Total Remote Usage
		Usr 0 00:00:00, Sys 0 00:00:00  -  Total Local Usage
	8646  -  Run Bytes Sent By Job
	301  -  Run Bytes Received By Job
	8646  -  Total Bytes Sent By Job
	301  -  Total Bytes Received By Job
	Partitionable Resources :    Usage  Request Allocated 
	   Cpus                 :     1.00        1         1 
	   Disk (KB)            :    67           1   2989258 
	   Memory (MB)          :   306        2000      2000 

	Job terminated of its own accord at 2023-08-02T23:26:26Z.
...
