000 (1706357.001.000) 08/02 22:49:53 Job submitted from host: <188.185.6.50:9618?addrs=188.185.6.50-9618+[2001-1458-d00-62--100-2b1]-9618&alias=bigbird25.cern.ch&noUDP&sock=schedd_8267_0d88>
...
040 (1706357.001.000) 08/02 23:01:07 Started transferring input files
	Transferring to host: <128.142.192.164:9618?addrs=128.142.192.164-9618+[2001-1458-301-56--100-20]-9618&alias=b7g18p2229.cern.ch&noUDP&sock=slot1_7_5113_5229_35990>
...
040 (1706357.001.000) 08/02 23:01:07 Finished transferring input files
...
001 (1706357.001.000) 08/02 23:01:08 Job executing on host: <128.142.192.164:9618?addrs=128.142.192.164-9618+[2001-1458-301-56--100-20]-9618&alias=b7g18p2229.cern.ch&noUDP&sock=startd_5002_88d0>
...
006 (1706357.001.000) 08/02 23:01:17 Image size of job updated: 131872
	4  -  MemoryUsage of job (MB)
	3468  -  ResidentSetSize of job (KB)
...
006 (1706357.001.000) 08/02 23:06:18 Image size of job updated: 863484
	239  -  MemoryUsage of job (MB)
	244052  -  ResidentSetSize of job (KB)
...
040 (1706357.001.000) 08/03 01:24:06 Started transferring output files
...
040 (1706357.001.000) 08/03 01:24:06 Finished transferring output files
...
005 (1706357.001.000) 08/03 01:24:06 Job terminated.
	(1) Normal termination (return value 0)
		Usr 0 02:17:29, Sys 0 00:00:07  -  Run Remote Usage
		Usr 0 00:00:00, Sys 0 00:00:00  -  Run Local Usage
		Usr 0 02:17:29, Sys 0 00:00:07  -  Total Remote Usage
		Usr 0 00:00:00, Sys 0 00:00:00  -  Total Local Usage
	8644  -  Run Bytes Sent By Job
	301  -  Run Bytes Received By Job
	8644  -  Total Bytes Sent By Job
	301  -  Total Bytes Received By Job
	Partitionable Resources :    Usage  Request Allocated 
	   Cpus                 :     0.92        1         1 
	   Disk (KB)            :    67           1   3044577 
	   Memory (MB)          :   239        2000      2000 

	Job terminated of its own accord at 2023-08-02T23:24:06Z.
...
