000 (1700960.015.000) 08/01 14:30:29 Job submitted from host: <188.185.6.50:9618?addrs=188.185.6.50-9618+[2001-1458-d00-62--100-2b1]-9618&alias=bigbird25.cern.ch&noUDP&sock=schedd_8267_0d88>
...
040 (1700960.015.000) 08/01 14:31:42 Started transferring input files
	Transferring to host: <128.142.192.137:9618?addrs=128.142.192.137-9618+[2001-1458-301-56--100-5]-9618&alias=b7g18p2227.cern.ch&noUDP&sock=slot1_1_18021_2cb6_27858>
...
040 (1700960.015.000) 08/01 14:31:42 Finished transferring input files
...
001 (1700960.015.000) 08/01 14:31:43 Job executing on host: <128.142.192.137:9618?addrs=128.142.192.137-9618+[2001-1458-301-56--100-5]-9618&alias=b7g18p2227.cern.ch&noUDP&sock=startd_17955_370d>
...
006 (1700960.015.000) 08/01 14:31:52 Image size of job updated: 6644
	4  -  MemoryUsage of job (MB)
	3464  -  ResidentSetSize of job (KB)
...
006 (1700960.015.000) 08/01 14:36:53 Image size of job updated: 1236664
	642  -  MemoryUsage of job (MB)
	657056  -  ResidentSetSize of job (KB)
...
006 (1700960.015.000) 08/01 14:46:54 Image size of job updated: 1236664
	643  -  MemoryUsage of job (MB)
	658132  -  ResidentSetSize of job (KB)
...
040 (1700960.015.000) 08/01 15:16:22 Started transferring output files
...
040 (1700960.015.000) 08/01 15:16:22 Finished transferring output files
...
005 (1700960.015.000) 08/01 15:16:22 Job terminated.
	(1) Normal termination (return value 0)
		Usr 0 00:42:49, Sys 0 00:00:05  -  Run Remote Usage
		Usr 0 00:00:00, Sys 0 00:00:00  -  Run Local Usage
		Usr 0 00:42:49, Sys 0 00:00:05  -  Total Remote Usage
		Usr 0 00:00:00, Sys 0 00:00:00  -  Total Local Usage
	13000  -  Run Bytes Sent By Job
	301  -  Run Bytes Received By Job
	13000  -  Total Bytes Sent By Job
	301  -  Total Bytes Received By Job
	Partitionable Resources :    Usage  Request Allocated 
	   Cpus                 :     1.00        1         1 
	   Disk (KB)            :    71           1   3055842 
	   Memory (MB)          :   643        2000      2000 

	Job terminated of its own accord at 2023-08-01T13:16:22Z.
...
000 (1701822.015.000) 08/01 22:04:28 Job submitted from host: <188.185.6.50:9618?addrs=188.185.6.50-9618+[2001-1458-d00-62--100-2b1]-9618&alias=bigbird25.cern.ch&noUDP&sock=schedd_8267_0d88>
...
040 (1701822.015.000) 08/01 22:06:58 Started transferring input files
	Transferring to host: <128.142.195.185:9618?addrs=128.142.195.185-9618+[2001-1458-301-50--100-32]-9618&alias=b7g33p5115.cern.ch&noUDP&sock=slot1_9_4093_a380_118312>
...
040 (1701822.015.000) 08/01 22:06:58 Finished transferring input files
...
001 (1701822.015.000) 08/01 22:06:59 Job executing on host: <128.142.195.185:9618?addrs=128.142.195.185-9618+[2001-1458-301-50--100-32]-9618&alias=b7g33p5115.cern.ch&noUDP&sock=startd_4029_2329>
...
006 (1701822.015.000) 08/01 22:07:07 Image size of job updated: 195680
	130  -  MemoryUsage of job (MB)
	132332  -  ResidentSetSize of job (KB)
...
006 (1701822.015.000) 08/01 22:12:07 Image size of job updated: 866132
	279  -  MemoryUsage of job (MB)
	285292  -  ResidentSetSize of job (KB)
...
006 (1701822.015.000) 08/01 22:17:09 Image size of job updated: 866132
	281  -  MemoryUsage of job (MB)
	286896  -  ResidentSetSize of job (KB)
...
040 (1701822.015.000) 08/01 23:16:42 Started transferring output files
...
040 (1701822.015.000) 08/01 23:16:42 Finished transferring output files
...
005 (1701822.015.000) 08/01 23:16:42 Job terminated.
	(1) Normal termination (return value 0)
		Usr 0 01:08:10, Sys 0 00:01:17  -  Run Remote Usage
		Usr 0 00:00:00, Sys 0 00:00:00  -  Run Local Usage
		Usr 0 01:08:10, Sys 0 00:01:17  -  Total Remote Usage
		Usr 0 00:00:00, Sys 0 00:00:00  -  Total Local Usage
	8600  -  Run Bytes Sent By Job
	301  -  Run Bytes Received By Job
	8600  -  Total Bytes Sent By Job
	301  -  Total Bytes Received By Job
	Partitionable Resources :    Usage  Request Allocated 
	   Cpus                 :     1.00        1         1 
	   Disk (KB)            :    67           1   3004464 
	   Memory (MB)          :   281        2000      2000 

	Job terminated of its own accord at 2023-08-01T21:16:42Z.
...
