000 (1706357.006.000) 08/02 22:49:53 Job submitted from host: <188.185.6.50:9618?addrs=188.185.6.50-9618+[2001-1458-d00-62--100-2b1]-9618&alias=bigbird25.cern.ch&noUDP&sock=schedd_8267_0d88>
...
040 (1706357.006.000) 08/02 23:01:09 Started transferring input files
	Transferring to host: <128.142.137.155:9618?addrs=128.142.137.155-9618+[2001-1458-301-5e--100-8f]-9618&alias=b7g19p3008.cern.ch&noUDP&sock=slot1_23_3767_f132_12020>
...
040 (1706357.006.000) 08/02 23:01:09 Finished transferring input files
...
001 (1706357.006.000) 08/02 23:01:10 Job executing on host: <128.142.137.155:9618?addrs=128.142.137.155-9618+[2001-1458-301-5e--100-8f]-9618&alias=b7g19p3008.cern.ch&noUDP&sock=startd_2984_5ab1>
...
006 (1706357.006.000) 08/02 23:01:19 Image size of job updated: 131872
	4  -  MemoryUsage of job (MB)
	3468  -  ResidentSetSize of job (KB)
...
006 (1706357.006.000) 08/02 23:06:20 Image size of job updated: 863732
	286  -  MemoryUsage of job (MB)
	292588  -  ResidentSetSize of job (KB)
...
006 (1706357.006.000) 08/02 23:26:21 Image size of job updated: 864360
	286  -  MemoryUsage of job (MB)
	292588  -  ResidentSetSize of job (KB)
...
006 (1706357.006.000) 08/02 23:36:22 Image size of job updated: 864384
	286  -  MemoryUsage of job (MB)
	292588  -  ResidentSetSize of job (KB)
...
040 (1706357.006.000) 08/03 01:23:17 Started transferring output files
...
040 (1706357.006.000) 08/03 01:23:17 Finished transferring output files
...
005 (1706357.006.000) 08/03 01:23:17 Job terminated.
	(1) Normal termination (return value 0)
		Usr 0 02:14:22, Sys 0 00:00:37  -  Run Remote Usage
		Usr 0 00:00:00, Sys 0 00:00:00  -  Run Local Usage
		Usr 0 02:14:22, Sys 0 00:00:37  -  Total Remote Usage
		Usr 0 00:00:00, Sys 0 00:00:00  -  Total Local Usage
	8622  -  Run Bytes Sent By Job
	301  -  Run Bytes Received By Job
	8622  -  Total Bytes Sent By Job
	301  -  Total Bytes Received By Job
	Partitionable Resources :    Usage  Request Allocated 
	   Cpus                 :     1.00        1         1 
	   Disk (KB)            :    67           1   1573415 
	   Memory (MB)          :   286        2000      2000 

	Job terminated of its own accord at 2023-08-02T23:23:17Z.
...
