000 (1706357.007.000) 08/02 22:49:53 Job submitted from host: <188.185.6.50:9618?addrs=188.185.6.50-9618+[2001-1458-d00-62--100-2b1]-9618&alias=bigbird25.cern.ch&noUDP&sock=schedd_8267_0d88>
...
040 (1706357.007.000) 08/02 23:01:09 Started transferring input files
	Transferring to host: <128.142.131.102:9618?addrs=128.142.131.102-9618+[2001-1458-301-59--100-5a]-9618&alias=b7g11p1405.cern.ch&noUDP&sock=slot1_1_3377_26e2_21746>
...
040 (1706357.007.000) 08/02 23:01:09 Finished transferring input files
...
001 (1706357.007.000) 08/02 23:01:10 Job executing on host: <128.142.131.102:9618?addrs=128.142.131.102-9618+[2001-1458-301-59--100-5a]-9618&alias=b7g11p1405.cern.ch&noUDP&sock=startd_2780_6d5f>
...
006 (1706357.007.000) 08/02 23:01:19 Image size of job updated: 493504
	130  -  MemoryUsage of job (MB)
	132220  -  ResidentSetSize of job (KB)
...
006 (1706357.007.000) 08/02 23:06:20 Image size of job updated: 863252
	149  -  MemoryUsage of job (MB)
	152120  -  ResidentSetSize of job (KB)
...
006 (1706357.007.000) 08/02 23:11:21 Image size of job updated: 863252
	280  -  MemoryUsage of job (MB)
	286228  -  ResidentSetSize of job (KB)
...
040 (1706357.007.000) 08/03 01:18:46 Started transferring output files
...
040 (1706357.007.000) 08/03 01:18:46 Finished transferring output files
...
005 (1706357.007.000) 08/03 01:18:46 Job terminated.
	(1) Normal termination (return value 0)
		Usr 0 02:16:31, Sys 0 00:00:29  -  Run Remote Usage
		Usr 0 00:00:00, Sys 0 00:00:00  -  Run Local Usage
		Usr 0 02:16:31, Sys 0 00:00:29  -  Total Remote Usage
		Usr 0 00:00:00, Sys 0 00:00:00  -  Total Local Usage
	8616  -  Run Bytes Sent By Job
	301  -  Run Bytes Received By Job
	8616  -  Total Bytes Sent By Job
	301  -  Total Bytes Received By Job
	Partitionable Resources :    Usage  Request Allocated 
	   Cpus                 :     1.00        1         1 
	   Disk (KB)            :    67           1   1640995 
	   Memory (MB)          :   280        2000      2000 

	Job terminated of its own accord at 2023-08-02T23:18:46Z.
...
