000 (1700960.000.000) 08/01 14:30:29 Job submitted from host: <188.185.6.50:9618?addrs=188.185.6.50-9618+[2001-1458-d00-62--100-2b1]-9618&alias=bigbird25.cern.ch&noUDP&sock=schedd_8267_0d88>
...
040 (1700960.000.000) 08/01 14:31:33 Started transferring input files
	Transferring to host: <188.184.163.25:9618?addrs=188.184.163.25-9618+[2001-1458-301-4d--100-13]-9618&alias=b7s12p8809.cern.ch&noUDP&sock=slot1_3_4619_40d5_155279>
...
040 (1700960.000.000) 08/01 14:31:33 Finished transferring input files
...
001 (1700960.000.000) 08/01 14:31:34 Job executing on host: <188.184.163.25:9618?addrs=188.184.163.25-9618+[2001-1458-301-4d--100-13]-9618&alias=b7s12p8809.cern.ch&noUDP&sock=startd_3270_86c8>
...
006 (1700960.000.000) 08/01 14:31:43 Image size of job updated: 544608
	482  -  MemoryUsage of job (MB)
	492708  -  ResidentSetSize of job (KB)
...
006 (1700960.000.000) 08/01 14:36:44 Image size of job updated: 967904
	558  -  MemoryUsage of job (MB)
	570952  -  ResidentSetSize of job (KB)
...
006 (1700960.000.000) 08/01 14:41:45 Image size of job updated: 967908
	558  -  MemoryUsage of job (MB)
	570952  -  ResidentSetSize of job (KB)
...
006 (1700960.000.000) 08/01 14:46:45 Image size of job updated: 967912
	559  -  MemoryUsage of job (MB)
	571456  -  ResidentSetSize of job (KB)
...
006 (1700960.000.000) 08/01 14:51:45 Image size of job updated: 1220616
	559  -  MemoryUsage of job (MB)
	571456  -  ResidentSetSize of job (KB)
...
006 (1700960.000.000) 08/01 15:11:47 Image size of job updated: 1220616
	584  -  MemoryUsage of job (MB)
	597584  -  ResidentSetSize of job (KB)
...
040 (1700960.000.000) 08/01 15:12:53 Started transferring output files
...
040 (1700960.000.000) 08/01 15:12:53 Finished transferring output files
...
005 (1700960.000.000) 08/01 15:12:53 Job terminated.
	(1) Normal termination (return value 0)
		Usr 0 00:40:23, Sys 0 00:00:16  -  Run Remote Usage
		Usr 0 00:00:00, Sys 0 00:00:00  -  Run Local Usage
		Usr 0 00:40:23, Sys 0 00:00:16  -  Total Remote Usage
		Usr 0 00:00:00, Sys 0 00:00:00  -  Total Local Usage
	11421  -  Run Bytes Sent By Job
	301  -  Run Bytes Received By Job
	11421  -  Total Bytes Sent By Job
	301  -  Total Bytes Received By Job
	Partitionable Resources :    Usage  Request Allocated 
	   Cpus                 :     1.00        1         1 
	   Disk (KB)            :    70           1   2992825 
	   Memory (MB)          :   584        2000      2000 

	Job terminated of its own accord at 2023-08-01T13:12:53Z.
...
000 (1701822.000.000) 08/01 22:04:28 Job submitted from host: <188.185.6.50:9618?addrs=188.185.6.50-9618+[2001-1458-d00-62--100-2b1]-9618&alias=bigbird25.cern.ch&noUDP&sock=schedd_8267_0d88>
...
040 (1701822.000.000) 08/01 22:06:53 Started transferring input files
	Transferring to host: <128.142.193.139:9618?addrs=128.142.193.139-9618+[2001-1458-301-8--100-7]-9618&alias=b7g21p4534.cern.ch&noUDP&sock=slot1_6_3595_c0ab_146492>
...
040 (1701822.000.000) 08/01 22:06:53 Finished transferring input files
...
001 (1701822.000.000) 08/01 22:06:54 Job executing on host: <128.142.193.139:9618?addrs=128.142.193.139-9618+[2001-1458-301-8--100-7]-9618&alias=b7g21p4534.cern.ch&noUDP&sock=startd_3062_db15>
...
006 (1701822.000.000) 08/01 22:07:03 Image size of job updated: 380304
	130  -  MemoryUsage of job (MB)
	132308  -  ResidentSetSize of job (KB)
...
006 (1701822.000.000) 08/01 22:12:04 Image size of job updated: 597380
	196  -  MemoryUsage of job (MB)
	200384  -  ResidentSetSize of job (KB)
...
006 (1701822.000.000) 08/01 22:17:04 Image size of job updated: 597384
	196  -  MemoryUsage of job (MB)
	200384  -  ResidentSetSize of job (KB)
...
006 (1701822.000.000) 08/01 22:27:05 Image size of job updated: 597388
	197  -  MemoryUsage of job (MB)
	200916  -  ResidentSetSize of job (KB)
...
006 (1701822.000.000) 08/01 22:32:06 Image size of job updated: 850092
	197  -  MemoryUsage of job (MB)
	200916  -  ResidentSetSize of job (KB)
...
040 (1701822.000.000) 08/01 23:37:09 Started transferring output files
...
040 (1701822.000.000) 08/01 23:37:09 Finished transferring output files
...
005 (1701822.000.000) 08/01 23:37:09 Job terminated.
	(1) Normal termination (return value 0)
		Usr 0 01:29:38, Sys 0 00:00:06  -  Run Remote Usage
		Usr 0 00:00:00, Sys 0 00:00:00  -  Run Local Usage
		Usr 0 01:29:38, Sys 0 00:00:06  -  Total Remote Usage
		Usr 0 00:00:00, Sys 0 00:00:00  -  Total Local Usage
	7921  -  Run Bytes Sent By Job
	301  -  Run Bytes Received By Job
	7921  -  Total Bytes Sent By Job
	301  -  Total Bytes Received By Job
	Partitionable Resources :    Usage  Request Allocated 
	   Cpus                 :     1.00        1         1 
	   Disk (KB)            :    67           1   1336148 
	   Memory (MB)          :   197        2000      2000 

	Job terminated of its own accord at 2023-08-01T21:37:09Z.
...
