000 (1706357.002.000) 08/02 22:49:53 Job submitted from host: <188.185.6.50:9618?addrs=188.185.6.50-9618+[2001-1458-d00-62--100-2b1]-9618&alias=bigbird25.cern.ch&noUDP&sock=schedd_8267_0d88>
...
040 (1706357.002.000) 08/02 23:01:08 Started transferring input files
	Transferring to host: <128.142.192.137:9618?addrs=128.142.192.137-9618+[2001-1458-301-56--100-5]-9618&alias=b7g18p2227.cern.ch&noUDP&sock=slot1_13_18021_2cb6_29952>
...
040 (1706357.002.000) 08/02 23:01:08 Finished transferring input files
...
001 (1706357.002.000) 08/02 23:01:09 Job executing on host: <128.142.192.137:9618?addrs=128.142.192.137-9618+[2001-1458-301-56--100-5]-9618&alias=b7g18p2227.cern.ch&noUDP&sock=startd_17955_370d>
...
006 (1706357.002.000) 08/02 23:01:18 Image size of job updated: 6092
	4  -  MemoryUsage of job (MB)
	3476  -  ResidentSetSize of job (KB)
...
006 (1706357.002.000) 08/02 23:06:19 Image size of job updated: 736108
	242  -  MemoryUsage of job (MB)
	247324  -  ResidentSetSize of job (KB)
...
006 (1706357.002.000) 08/02 23:11:19 Image size of job updated: 861552
	242  -  MemoryUsage of job (MB)
	247324  -  ResidentSetSize of job (KB)
...
006 (1706357.002.000) 08/02 23:26:21 Image size of job updated: 861552
	298  -  MemoryUsage of job (MB)
	304356  -  ResidentSetSize of job (KB)
...
006 (1706357.002.000) 08/02 23:31:22 Image size of job updated: 861552
	301  -  MemoryUsage of job (MB)
	307720  -  ResidentSetSize of job (KB)
...
006 (1706357.002.000) 08/02 23:36:23 Image size of job updated: 861552
	327  -  MemoryUsage of job (MB)
	334248  -  ResidentSetSize of job (KB)
...
006 (1706357.002.000) 08/02 23:41:23 Image size of job updated: 864368
	327  -  MemoryUsage of job (MB)
	334248  -  ResidentSetSize of job (KB)
...
006 (1706357.002.000) 08/02 23:51:24 Image size of job updated: 864368
	327  -  MemoryUsage of job (MB)
	334388  -  ResidentSetSize of job (KB)
...
006 (1706357.002.000) 08/03 00:51:30 Image size of job updated: 864368
	327  -  MemoryUsage of job (MB)
	334652  -  ResidentSetSize of job (KB)
...
006 (1706357.002.000) 08/03 01:11:32 Image size of job updated: 864368
	327  -  MemoryUsage of job (MB)
	334792  -  ResidentSetSize of job (KB)
...
006 (1706357.002.000) 08/03 01:26:34 Image size of job updated: 864368
	328  -  MemoryUsage of job (MB)
	335492  -  ResidentSetSize of job (KB)
...
006 (1706357.002.000) 08/03 01:36:35 Image size of job updated: 864368
	329  -  MemoryUsage of job (MB)
	336336  -  ResidentSetSize of job (KB)
...
006 (1706357.002.000) 08/03 01:41:35 Image size of job updated: 864368
	330  -  MemoryUsage of job (MB)
	337056  -  ResidentSetSize of job (KB)
...
006 (1706357.002.000) 08/03 01:46:36 Image size of job updated: 864368
	330  -  MemoryUsage of job (MB)
	337268  -  ResidentSetSize of job (KB)
...
040 (1706357.002.000) 08/03 01:48:19 Started transferring output files
...
040 (1706357.002.000) 08/03 01:48:19 Finished transferring output files
...
009 (1706357.002.000) 08/03 01:48:19 Job was aborted.
	Job removed by SYSTEM_PERIODIC_REMOVE due to wall time exceeded allowed max.
...
