000 (1706357.009.000) 08/02 22:49:53 Job submitted from host: <188.185.6.50:9618?addrs=188.185.6.50-9618+[2001-1458-d00-62--100-2b1]-9618&alias=bigbird25.cern.ch&noUDP&sock=schedd_8267_0d88>
...
040 (1706357.009.000) 08/02 23:01:10 Started transferring input files
	Transferring to host: <128.142.131.63:9618?addrs=128.142.131.63-9618+[2001-1458-301-59--100-33]-9618&alias=b7g11p6724.cern.ch&noUDP&sock=slot1_2_3213_995c_129754>
...
040 (1706357.009.000) 08/02 23:01:10 Finished transferring input files
...
001 (1706357.009.000) 08/02 23:01:11 Job executing on host: <128.142.131.63:9618?addrs=128.142.131.63-9618+[2001-1458-301-59--100-33]-9618&alias=b7g11p6724.cern.ch&noUDP&sock=startd_2964_a2cd>
...
006 (1706357.009.000) 08/02 23:01:20 Image size of job updated: 197068
	131  -  MemoryUsage of job (MB)
	133720  -  ResidentSetSize of job (KB)
...
006 (1706357.009.000) 08/02 23:06:21 Image size of job updated: 735532
	139  -  MemoryUsage of job (MB)
	141952  -  ResidentSetSize of job (KB)
...
006 (1706357.009.000) 08/02 23:11:22 Image size of job updated: 735632
	140  -  MemoryUsage of job (MB)
	143056  -  ResidentSetSize of job (KB)
...
006 (1706357.009.000) 08/02 23:16:22 Image size of job updated: 735696
	263  -  MemoryUsage of job (MB)
	268900  -  ResidentSetSize of job (KB)
...
006 (1706357.009.000) 08/02 23:21:23 Image size of job updated: 735696
	266  -  MemoryUsage of job (MB)
	272156  -  ResidentSetSize of job (KB)
...
006 (1706357.009.000) 08/02 23:26:24 Image size of job updated: 735696
	287  -  MemoryUsage of job (MB)
	293800  -  ResidentSetSize of job (KB)
...
006 (1706357.009.000) 08/02 23:31:24 Image size of job updated: 736084
	288  -  MemoryUsage of job (MB)
	294372  -  ResidentSetSize of job (KB)
...
006 (1706357.009.000) 08/02 23:36:24 Image size of job updated: 737780
	290  -  MemoryUsage of job (MB)
	296692  -  ResidentSetSize of job (KB)
...
006 (1706357.009.000) 08/02 23:41:25 Image size of job updated: 737780
	291  -  MemoryUsage of job (MB)
	297396  -  ResidentSetSize of job (KB)
...
040 (1706357.009.000) 08/03 01:48:17 Started transferring output files
...
040 (1706357.009.000) 08/03 01:48:17 Finished transferring output files
...
009 (1706357.009.000) 08/03 01:48:17 Job was aborted.
	Job removed by SYSTEM_PERIODIC_REMOVE due to wall time exceeded allowed max.
...
