000 (1706357.016.000) 08/02 22:49:53 Job submitted from host: <188.185.6.50:9618?addrs=188.185.6.50-9618+[2001-1458-d00-62--100-2b1]-9618&alias=bigbird25.cern.ch&noUDP&sock=schedd_8267_0d88>
...
040 (1706357.016.000) 08/02 23:01:12 Started transferring input files
	Transferring to host: <128.142.131.33:9618?addrs=128.142.131.33-9618+[2001-1458-301-59--100-15]-9618&alias=b7g11p4246.cern.ch&noUDP&sock=slot1_9_3015_1714_23615>
...
040 (1706357.016.000) 08/02 23:01:12 Finished transferring input files
...
001 (1706357.016.000) 08/02 23:01:13 Job executing on host: <128.142.131.33:9618?addrs=128.142.131.33-9618+[2001-1458-301-59--100-15]-9618&alias=b7g11p4246.cern.ch&noUDP&sock=startd_2756_f71a>
...
006 (1706357.016.000) 08/02 23:01:22 Image size of job updated: 131868
	10  -  MemoryUsage of job (MB)
	9804  -  ResidentSetSize of job (KB)
...
006 (1706357.016.000) 08/02 23:06:23 Image size of job updated: 863572
	293  -  MemoryUsage of job (MB)
	299728  -  ResidentSetSize of job (KB)
...
006 (1706357.016.000) 08/02 23:26:24 Image size of job updated: 864688
	293  -  MemoryUsage of job (MB)
	299728  -  ResidentSetSize of job (KB)
...
040 (1706357.016.000) 08/03 00:45:06 Started transferring output files
...
040 (1706357.016.000) 08/03 00:45:06 Finished transferring output files
...
005 (1706357.016.000) 08/03 00:45:06 Job terminated.
	(1) Normal termination (return value 0)
		Usr 0 01:40:21, Sys 0 00:00:10  -  Run Remote Usage
		Usr 0 00:00:00, Sys 0 00:00:00  -  Run Local Usage
		Usr 0 01:40:21, Sys 0 00:00:10  -  Total Remote Usage
		Usr 0 00:00:00, Sys 0 00:00:00  -  Total Local Usage
	7392  -  Run Bytes Sent By Job
	301  -  Run Bytes Received By Job
	7392  -  Total Bytes Sent By Job
	301  -  Total Bytes Received By Job
	Partitionable Resources :    Usage  Request Allocated 
	   Cpus                 :     0.96        1         1 
	   Disk (KB)            :    66           1   1715607 
	   Memory (MB)          :   293        2000      2000 

	Job terminated of its own accord at 2023-08-02T22:45:06Z.
...
