000 (1700960.014.000) 08/01 14:30:29 Job submitted from host: <188.185.6.50:9618?addrs=188.185.6.50-9618+[2001-1458-d00-62--100-2b1]-9618&alias=bigbird25.cern.ch&noUDP&sock=schedd_8267_0d88>
...
040 (1700960.014.000) 08/01 14:31:37 Started transferring input files
	Transferring to host: <188.184.163.108:9618?addrs=188.184.163.108-9618+[2001-1458-301-4d--100-66]-9618&alias=b7s12p8299.cern.ch&noUDP&sock=slot1_1_84457_58c3_37443>
...
040 (1700960.014.000) 08/01 14:31:37 Finished transferring input files
...
001 (1700960.014.000) 08/01 14:31:38 Job executing on host: <188.184.163.108:9618?addrs=188.184.163.108-9618+[2001-1458-301-4d--100-66]-9618&alias=b7s12p8299.cern.ch&noUDP&sock=startd_84416_eedc>
...
006 (1700960.014.000) 08/01 14:31:47 Image size of job updated: 617448
	492  -  MemoryUsage of job (MB)
	502988  -  ResidentSetSize of job (KB)
...
006 (1700960.014.000) 08/01 14:36:47 Image size of job updated: 1235584
	519  -  MemoryUsage of job (MB)
	530876  -  ResidentSetSize of job (KB)
...
006 (1700960.014.000) 08/01 14:41:47 Image size of job updated: 1236044
	577  -  MemoryUsage of job (MB)
	590084  -  ResidentSetSize of job (KB)
...
006 (1700960.014.000) 08/01 14:46:49 Image size of job updated: 1236044
	578  -  MemoryUsage of job (MB)
	591488  -  ResidentSetSize of job (KB)
...
006 (1700960.014.000) 08/01 14:51:49 Image size of job updated: 1236044
	584  -  MemoryUsage of job (MB)
	597116  -  ResidentSetSize of job (KB)
...
006 (1700960.014.000) 08/01 14:56:49 Image size of job updated: 1236044
	593  -  MemoryUsage of job (MB)
	606960  -  ResidentSetSize of job (KB)
...
040 (1700960.014.000) 08/01 14:59:16 Started transferring output files
...
040 (1700960.014.000) 08/01 14:59:16 Finished transferring output files
...
005 (1700960.014.000) 08/01 14:59:16 Job terminated.
	(1) Normal termination (return value 0)
		Usr 0 00:27:21, Sys 0 00:00:10  -  Run Remote Usage
		Usr 0 00:00:00, Sys 0 00:00:00  -  Run Local Usage
		Usr 0 00:27:21, Sys 0 00:00:10  -  Total Remote Usage
		Usr 0 00:00:00, Sys 0 00:00:00  -  Total Local Usage
	12988  -  Run Bytes Sent By Job
	301  -  Run Bytes Received By Job
	12988  -  Total Bytes Sent By Job
	301  -  Total Bytes Received By Job
	Partitionable Resources :    Usage  Request Allocated 
	   Cpus                 :     1.00        1         1 
	   Disk (KB)            :    71           1   3077163 
	   Memory (MB)          :   593        2000      2000 

	Job terminated of its own accord at 2023-08-01T12:59:16Z.
...
000 (1701822.014.000) 08/01 22:04:28 Job submitted from host: <188.185.6.50:9618?addrs=188.185.6.50-9618+[2001-1458-d00-62--100-2b1]-9618&alias=bigbird25.cern.ch&noUDP&sock=schedd_8267_0d88>
...
040 (1701822.014.000) 08/01 22:06:58 Started transferring input files
	Transferring to host: <128.142.56.166:9618?addrs=128.142.56.166-9618+[2001-1458-301-6--100-a5]-9618&alias=b7s01p5237.cern.ch&noUDP&sock=slot1_11_8689_efba_122769>
...
040 (1701822.014.000) 08/01 22:06:58 Finished transferring input files
...
001 (1701822.014.000) 08/01 22:06:59 Job executing on host: <128.142.56.166:9618?addrs=128.142.56.166-9618+[2001-1458-301-6--100-a5]-9618&alias=b7s01p5237.cern.ch&noUDP&sock=startd_7460_849a>
...
006 (1701822.014.000) 08/01 22:07:07 Image size of job updated: 195668
	130  -  MemoryUsage of job (MB)
	132324  -  ResidentSetSize of job (KB)
...
006 (1701822.014.000) 08/01 22:12:07 Image size of job updated: 865064
	157  -  MemoryUsage of job (MB)
	160220  -  ResidentSetSize of job (KB)
...
006 (1701822.014.000) 08/01 22:17:08 Image size of job updated: 865524
	157  -  MemoryUsage of job (MB)
	160220  -  ResidentSetSize of job (KB)
...
040 (1701822.014.000) 08/01 22:43:46 Started transferring output files
...
040 (1701822.014.000) 08/01 22:43:46 Finished transferring output files
...
005 (1701822.014.000) 08/01 22:43:46 Job terminated.
	(1) Normal termination (return value 0)
		Usr 0 00:36:26, Sys 0 00:00:05  -  Run Remote Usage
		Usr 0 00:00:00, Sys 0 00:00:00  -  Run Local Usage
		Usr 0 00:36:26, Sys 0 00:00:05  -  Total Remote Usage
		Usr 0 00:00:00, Sys 0 00:00:00  -  Total Local Usage
	8588  -  Run Bytes Sent By Job
	301  -  Run Bytes Received By Job
	8588  -  Total Bytes Sent By Job
	301  -  Total Bytes Received By Job
	Partitionable Resources :    Usage  Request Allocated 
	   Cpus                 :     1.00        1         1 
	   Disk (KB)            :    67           1   1299442 
	   Memory (MB)          :   157        2000      2000 

	Job terminated of its own accord at 2023-08-01T20:43:46Z.
...
