PWD: /afs/cern.ch/user/j/jiahaoy/second_checkout/for_jiahao/HeavyIonAnalysis/TrackAnalysis/batch
Starting event loop
Total Number of Files in this Job: 20
File 1 out of 20
Total Entries is:
1940013
File is /afs/cern.ch/user/p/pgardner/StorageArea/PYTHIA_CP5/pp_highMultGen_nChGT60_1071.root
File 2 out of 20
Total Entries is:
1940210
File is /afs/cern.ch/user/p/pgardner/StorageArea/PYTHIA_CP5/pp_highMultGen_nChGT60_1072.root
File 3 out of 20
Total Entries is:
1940210
File is /afs/cern.ch/user/p/pgardner/StorageArea/PYTHIA_CP5/pp_highMultGen_nChGT60_1073.root
File 4 out of 20
Total Entries is:
1940210
File is /afs/cern.ch/user/p/pgardner/StorageArea/PYTHIA_CP5/pp_highMultGen_nChGT60_1074.root
File 5 out of 20
Total Entries is:
1940210
File is /afs/cern.ch/user/p/pgardner/StorageArea/PYTHIA_CP5/pp_highMultGen_nChGT60_1075.root
File 6 out of 20
Total Entries is:
1940210
File is /afs/cern.ch/user/p/pgardner/StorageArea/PYTHIA_CP5/pp_highMultGen_nChGT60_1076.root
File 7 out of 20
Total Entries is:
1940210
File is /afs/cern.ch/user/p/pgardner/StorageArea/PYTHIA_CP5/pp_highMultGen_nChGT60_1077.root
File 8 out of 20
Total Entries is:
1940210
File is /afs/cern.ch/user/p/pgardner/StorageArea/PYTHIA_CP5/pp_highMultGen_nChGT60_1078.root
File 9 out of 20
Total Entries is:
1940210
File is /afs/cern.ch/user/p/pgardner/StorageArea/PYTHIA_CP5/pp_highMultGen_nChGT60_1079.root
File 10 out of 20
Total Entries is:
1551890
File is /afs/cern.ch/user/p/pgardner/StorageArea/PYTHIA_CP5/pp_highMultGen_nChGT60_108.root
File 11 out of 20
Total Entries is:
1940210
File is /afs/cern.ch/user/p/pgardner/StorageArea/PYTHIA_CP5/pp_highMultGen_nChGT60_1080.root
File 12 out of 20
Total Entries is:
1940210
File is /afs/cern.ch/user/p/pgardner/StorageArea/PYTHIA_CP5/pp_highMultGen_nChGT60_1081.root
File 13 out of 20
Total Entries is:
1940210
File is /afs/cern.ch/user/p/pgardner/StorageArea/PYTHIA_CP5/pp_highMultGen_nChGT60_1082.root
File 14 out of 20
Total Entries is:
1940210
File is /afs/cern.ch/user/p/pgardner/StorageArea/PYTHIA_CP5/pp_highMultGen_nChGT60_1083.root
File 15 out of 20
Total Entries is:
1940256
File is /afs/cern.ch/user/p/pgardner/StorageArea/PYTHIA_CP5/pp_highMultGen_nChGT60_1084.root
File 16 out of 20
Total Entries is:
1940256
File is /afs/cern.ch/user/p/pgardner/StorageArea/PYTHIA_CP5/pp_highMultGen_nChGT60_1085.root
File 17 out of 20
Total Entries is:
1940256
File is /afs/cern.ch/user/p/pgardner/StorageArea/PYTHIA_CP5/pp_highMultGen_nChGT60_1086.root
File 18 out of 20
Total Entries is:
1940225
File is /afs/cern.ch/user/p/pgardner/StorageArea/PYTHIA_CP5/pp_highMultGen_nChGT60_1087.root
File 19 out of 20
Total Entries is:
1940225
File is /afs/cern.ch/user/p/pgardner/StorageArea/PYTHIA_CP5/pp_highMultGen_nChGT60_1088.root
File 20 out of 20
Total Entries is:
1939513
File is /afs/cern.ch/user/p/pgardner/StorageArea/PYTHIA_CP5/pp_highMultGen_nChGT60_1089.root
made 4
1/10
1/3
1/1
2/3
1/1
3/3
1/1
2/10
1/3
1/1
2/3
1/1
3/3
1/1
3/10
1/3
1/1
2/3
1/1
3/3
1/1
4/10
1/3
1/1
2/3
1/1
3/3
1/1
5/10
1/3
1/1
2/3
1/1
3/3
1/1
6/10
1/3
1/1
2/3
1/1
3/3
1/1
7/10
1/3
1/1
2/3
1/1
3/3
1/1
8/10
1/3
1/1
2/3
1/1
3/3
1/1
9/10
1/3
1/1
2/3
1/1
3/3
1/1
10/10
1/3
1/1
2/3
1/1
3/3
1/1
