PWD: /afs/cern.ch/user/j/jiahaoy/second_checkout/for_jiahao/HeavyIonAnalysis/TrackAnalysis/batch
Starting event loop
Total Number of Files in this Job: 20
File 1 out of 20
Total Entries is:
776306
File is /afs/cern.ch/user/p/pgardner/StorageArea/PYTHIA_CP5/pp_highMultGen_nChGT60_35.root
File 2 out of 20
Total Entries is:
776018
File is /afs/cern.ch/user/p/pgardner/StorageArea/PYTHIA_CP5/pp_highMultGen_nChGT60_36.root
File 3 out of 20
Total Entries is:
776025
File is /afs/cern.ch/user/p/pgardner/StorageArea/PYTHIA_CP5/pp_highMultGen_nChGT60_37.root
File 4 out of 20
Total Entries is:
776130
File is /afs/cern.ch/user/p/pgardner/StorageArea/PYTHIA_CP5/pp_highMultGen_nChGT60_38.root
File 5 out of 20
Total Entries is:
776207
File is /afs/cern.ch/user/p/pgardner/StorageArea/PYTHIA_CP5/pp_highMultGen_nChGT60_39.root
File 6 out of 20
Total Entries is:
970103
File is /afs/cern.ch/user/p/pgardner/StorageArea/PYTHIA_CP5/pp_highMultGen_nChGT60_4.root
File 7 out of 20
Total Entries is:
776014
File is /afs/cern.ch/user/p/pgardner/StorageArea/PYTHIA_CP5/pp_highMultGen_nChGT60_40.root
File 8 out of 20
Total Entries is:
775672
File is /afs/cern.ch/user/p/pgardner/StorageArea/PYTHIA_CP5/pp_highMultGen_nChGT60_41.root
File 9 out of 20
Total Entries is:
1164149
File is /afs/cern.ch/user/p/pgardner/StorageArea/PYTHIA_CP5/pp_highMultGen_nChGT60_42.root
File 10 out of 20
Total Entries is:
1164005
File is /afs/cern.ch/user/p/pgardner/StorageArea/PYTHIA_CP5/pp_highMultGen_nChGT60_43.root
File 11 out of 20
Total Entries is:
1164405
File is /afs/cern.ch/user/p/pgardner/StorageArea/PYTHIA_CP5/pp_highMultGen_nChGT60_44.root
File 12 out of 20
Total Entries is:
1163699
File is /afs/cern.ch/user/p/pgardner/StorageArea/PYTHIA_CP5/pp_highMultGen_nChGT60_45.root
File 13 out of 20
Total Entries is:
1163931
File is /afs/cern.ch/user/p/pgardner/StorageArea/PYTHIA_CP5/pp_highMultGen_nChGT60_46.root
File 14 out of 20
Total Entries is:
1164262
File is /afs/cern.ch/user/p/pgardner/StorageArea/PYTHIA_CP5/pp_highMultGen_nChGT60_47.root
File 15 out of 20
Total Entries is:
1164308
File is /afs/cern.ch/user/p/pgardner/StorageArea/PYTHIA_CP5/pp_highMultGen_nChGT60_48.root
File 16 out of 20
Total Entries is:
1164169
File is /afs/cern.ch/user/p/pgardner/StorageArea/PYTHIA_CP5/pp_highMultGen_nChGT60_49.root
File 17 out of 20
Total Entries is:
969912
File is /afs/cern.ch/user/p/pgardner/StorageArea/PYTHIA_CP5/pp_highMultGen_nChGT60_5.root
File 18 out of 20
Total Entries is:
1164213
File is /afs/cern.ch/user/p/pgardner/StorageArea/PYTHIA_CP5/pp_highMultGen_nChGT60_50.root
File 19 out of 20
Total Entries is:
1163984
File is /afs/cern.ch/user/p/pgardner/StorageArea/PYTHIA_CP5/pp_highMultGen_nChGT60_51.root
File 20 out of 20
Total Entries is:
484891
File is /afs/cern.ch/user/p/pgardner/StorageArea/PYTHIA_CP5/pp_highMultGen_nChGT60_52.root
made 4
1/10
1/3
1/1
2/3
1/1
3/3
1/1
2/10
1/3
1/1
2/3
1/1
3/3
1/1
3/10
1/3
1/1
2/3
1/1
3/3
1/1
4/10
1/3
1/1
2/3
1/1
3/3
1/1
5/10
1/3
1/1
2/3
1/1
3/3
1/1
6/10
1/3
1/1
2/3
1/1
3/3
1/1
7/10
1/3
1/1
2/3
1/1
3/3
1/1
8/10
1/3
1/1
2/3
1/1
3/3
1/1
9/10
1/3
1/1
2/3
1/1
3/3
1/1
10/10
1/3
1/1
2/3
1/1
3/3
1/1
