PWD: /afs/cern.ch/user/j/jiahaoy/second_checkout/for_jiahao/HeavyIonAnalysis/TrackAnalysis/batch
Starting event loop
Total Number of Files in this Job: 20
File 1 out of 20
Total Entries is:
100000
File is /afs/cern.ch/user/p/pgardner/StorageArea/PYTHIA_CP5/pp_highMultGen_CP5_inclusive.root
File 2 out of 20
Total Entries is:
50000
File is /afs/cern.ch/user/p/pgardner/StorageArea/PYTHIA_CP5/pp_highMultGen_CP5_inclusive_1.root
File 3 out of 20
Total Entries is:
50000
File is /afs/cern.ch/user/p/pgardner/StorageArea/PYTHIA_CP5/pp_highMultGen_CP5_inclusive_10.root
File 4 out of 20
Total Entries is:
50000
File is /afs/cern.ch/user/p/pgardner/StorageArea/PYTHIA_CP5/pp_highMultGen_CP5_inclusive_11.root
File 5 out of 20
Total Entries is:
50000
File is /afs/cern.ch/user/p/pgardner/StorageArea/PYTHIA_CP5/pp_highMultGen_CP5_inclusive_12.root
File 6 out of 20
Total Entries is:
50000
File is /afs/cern.ch/user/p/pgardner/StorageArea/PYTHIA_CP5/pp_highMultGen_CP5_inclusive_13.root
File 7 out of 20
Total Entries is:
50000
File is /afs/cern.ch/user/p/pgardner/StorageArea/PYTHIA_CP5/pp_highMultGen_CP5_inclusive_14.root
File 8 out of 20
Total Entries is:
50000
File is /afs/cern.ch/user/p/pgardner/StorageArea/PYTHIA_CP5/pp_highMultGen_CP5_inclusive_15.root
File 9 out of 20
Total Entries is:
50000
File is /afs/cern.ch/user/p/pgardner/StorageArea/PYTHIA_CP5/pp_highMultGen_CP5_inclusive_16.root
File 10 out of 20
Total Entries is:
50000
File is /afs/cern.ch/user/p/pgardner/StorageArea/PYTHIA_CP5/pp_highMultGen_CP5_inclusive_17.root
File 11 out of 20
Total Entries is:
50000
File is /afs/cern.ch/user/p/pgardner/StorageArea/PYTHIA_CP5/pp_highMultGen_CP5_inclusive_18.root
File 12 out of 20
Total Entries is:
50000
File is /afs/cern.ch/user/p/pgardner/StorageArea/PYTHIA_CP5/pp_highMultGen_CP5_inclusive_2.root
File 13 out of 20
Total Entries is:
50000
File is /afs/cern.ch/user/p/pgardner/StorageArea/PYTHIA_CP5/pp_highMultGen_CP5_inclusive_3.root
File 14 out of 20
Total Entries is:
50000
File is /afs/cern.ch/user/p/pgardner/StorageArea/PYTHIA_CP5/pp_highMultGen_CP5_inclusive_4.root
File 15 out of 20
Total Entries is:
50000
File is /afs/cern.ch/user/p/pgardner/StorageArea/PYTHIA_CP5/pp_highMultGen_CP5_inclusive_5.root
File 16 out of 20
Total Entries is:
50000
File is /afs/cern.ch/user/p/pgardner/StorageArea/PYTHIA_CP5/pp_highMultGen_CP5_inclusive_6.root
File 17 out of 20
Total Entries is:
50000
File is /afs/cern.ch/user/p/pgardner/StorageArea/PYTHIA_CP5/pp_highMultGen_CP5_inclusive_7.root
File 18 out of 20
Total Entries is:
50000
File is /afs/cern.ch/user/p/pgardner/StorageArea/PYTHIA_CP5/pp_highMultGen_CP5_inclusive_8.root
File 19 out of 20
Total Entries is:
50000
File is /afs/cern.ch/user/p/pgardner/StorageArea/PYTHIA_CP5/pp_highMultGen_CP5_inclusive_9.root
File 20 out of 20
Total Entries is:
970060
File is /afs/cern.ch/user/p/pgardner/StorageArea/PYTHIA_CP5/pp_highMultGen_nChGT60_1.root
made 4
1/10
1/3
1/1
2/3
1/1
3/3
1/1
2/10
1/3
1/1
2/3
1/1
3/3
1/1
3/10
1/3
1/1
2/3
1/1
3/3
1/1
4/10
1/3
1/1
2/3
1/1
3/3
1/1
5/10
1/3
1/1
2/3
1/1
3/3
1/1
6/10
1/3
1/1
2/3
1/1
3/3
1/1
7/10
1/3
1/1
2/3
1/1
3/3
1/1
8/10
1/3
1/1
2/3
1/1
3/3
1/1
9/10
1/3
1/1
2/3
1/1
3/3
1/1
10/10
1/3
1/1
2/3
1/1
3/3
1/1
