PWD: /afs/cern.ch/user/j/jiahaoy/second_checkout/for_jiahao/HeavyIonAnalysis/TrackAnalysis/batch
Starting event loop
Total Number of Files in this Job: 20
File 1 out of 20
Total Entries is:
1939566
File is /afs/cern.ch/user/p/pgardner/StorageArea/PYTHIA_CP5/pp_highMultGen_nChGT60_2085.root
File 2 out of 20
Total Entries is:
1939754
File is /afs/cern.ch/user/p/pgardner/StorageArea/PYTHIA_CP5/pp_highMultGen_nChGT60_2086.root
File 3 out of 20
Total Entries is:
1940025
File is /afs/cern.ch/user/p/pgardner/StorageArea/PYTHIA_CP5/pp_highMultGen_nChGT60_2087.root
File 4 out of 20
Total Entries is:
1940021
File is /afs/cern.ch/user/p/pgardner/StorageArea/PYTHIA_CP5/pp_highMultGen_nChGT60_2088.root
File 5 out of 20
Total Entries is:
1940294
File is /afs/cern.ch/user/p/pgardner/StorageArea/PYTHIA_CP5/pp_highMultGen_nChGT60_2089.root
File 6 out of 20
Total Entries is:
193982
File is /afs/cern.ch/user/p/pgardner/StorageArea/PYTHIA_CP5/pp_highMultGen_nChGT60_21.root
File 7 out of 20
Total Entries is:
194012
File is /afs/cern.ch/user/p/pgardner/StorageArea/PYTHIA_CP5/pp_highMultGen_nChGT60_22.root
File 8 out of 20
Total Entries is:
193908
File is /afs/cern.ch/user/p/pgardner/StorageArea/PYTHIA_CP5/pp_highMultGen_nChGT60_23.root
File 9 out of 20
Total Entries is:
194193
File is /afs/cern.ch/user/p/pgardner/StorageArea/PYTHIA_CP5/pp_highMultGen_nChGT60_24.root
File 10 out of 20
Total Entries is:
193932
File is /afs/cern.ch/user/p/pgardner/StorageArea/PYTHIA_CP5/pp_highMultGen_nChGT60_25.root
File 11 out of 20
Total Entries is:
387724
File is /afs/cern.ch/user/p/pgardner/StorageArea/PYTHIA_CP5/pp_highMultGen_nChGT60_26.root
File 12 out of 20
Total Entries is:
387851
File is /afs/cern.ch/user/p/pgardner/StorageArea/PYTHIA_CP5/pp_highMultGen_nChGT60_27.root
File 13 out of 20
Total Entries is:
388125
File is /afs/cern.ch/user/p/pgardner/StorageArea/PYTHIA_CP5/pp_highMultGen_nChGT60_28.root
File 14 out of 20
Total Entries is:
388194
File is /afs/cern.ch/user/p/pgardner/StorageArea/PYTHIA_CP5/pp_highMultGen_nChGT60_29.root
File 15 out of 20
Total Entries is:
970172
File is /afs/cern.ch/user/p/pgardner/StorageArea/PYTHIA_CP5/pp_highMultGen_nChGT60_3.root
File 16 out of 20
Total Entries is:
388114
File is /afs/cern.ch/user/p/pgardner/StorageArea/PYTHIA_CP5/pp_highMultGen_nChGT60_30.root
File 17 out of 20
Total Entries is:
388092
File is /afs/cern.ch/user/p/pgardner/StorageArea/PYTHIA_CP5/pp_highMultGen_nChGT60_31.root
File 18 out of 20
Total Entries is:
775865
File is /afs/cern.ch/user/p/pgardner/StorageArea/PYTHIA_CP5/pp_highMultGen_nChGT60_32.root
File 19 out of 20
Total Entries is:
775960
File is /afs/cern.ch/user/p/pgardner/StorageArea/PYTHIA_CP5/pp_highMultGen_nChGT60_33.root
File 20 out of 20
Total Entries is:
775961
File is /afs/cern.ch/user/p/pgardner/StorageArea/PYTHIA_CP5/pp_highMultGen_nChGT60_34.root
made 4
1/10
1/3
1/1
2/3
1/1
3/3
1/1
2/10
1/3
1/1
2/3
1/1
3/3
1/1
3/10
1/3
1/1
2/3
1/1
3/3
1/1
4/10
1/3
1/1
2/3
1/1
3/3
1/1
5/10
1/3
1/1
2/3
1/1
3/3
1/1
6/10
1/3
1/1
2/3
1/1
3/3
1/1
7/10
1/3
1/1
2/3
1/1
3/3
1/1
8/10
1/3
1/1
2/3
1/1
3/3
1/1
9/10
1/3
1/1
2/3
1/1
3/3
1/1
10/10
1/3
1/1
2/3
1/1
3/3
1/1
