perl: warning: Setting locale failed.
perl: warning: Please check that your locale settings:
	LANGUAGE = (unset),
	LC_ALL = (unset),
	LC_CTYPE = "UTF-8",
	LANG = "C"
    are supported and installed on your system.
perl: warning: Falling back to the standard locale ("C").
Error in <TFile::TFile>: file /afs/cern.ch/user/j/jiahaoy/StorageArea/PYTHIA_CP5/pp_highMultGen_CP5_inclusive_10.root does not exist

 *** Break *** segmentation violation



===========================================================
There was a crash.
This is the entire stack trace of all threads:
===========================================================
#0  0x00002afee8d1860c in waitpid () from /lib64/libc.so.6
#1  0x00002afee8c95f62 in do_system () from /lib64/libc.so.6
#2  0x00002afee6fb452d in TUnixSystem::StackTrace() () from /cvmfs/cms.cern.ch/slc7_amd64_gcc700/cms/cmssw-patch/CMSSW_10_6_4_patch1/external/slc7_amd64_gcc700/lib/libCore.so
#3  0x00002afee6fb6dd4 in TUnixSystem::DispatchSignals(ESignals) () from /cvmfs/cms.cern.ch/slc7_amd64_gcc700/cms/cmssw-patch/CMSSW_10_6_4_patch1/external/slc7_amd64_gcc700/lib/libCore.so
#4  <signal handler called>
#5  0x0000000000406e1e in MyClass::Loop(int, std::__cxx11::basic_string<char, std::char_traits<char>, std::allocator<char> >) ()
#6  0x00000000004031f6 in main ()
===========================================================


The lines below might hint at the cause of the crash.
You may get help by asking at the ROOT forum http://root.cern.ch/forum
Only if you are really convinced it is a bug in ROOT then please submit a
report at http://root.cern.ch/bugs Please post the ENTIRE stack trace
from above as an attachment in addition to anything else
that might help us fixing this issue.
===========================================================
#5  0x0000000000406e1e in MyClass::Loop(int, std::__cxx11::basic_string<char, std::char_traits<char>, std::allocator<char> >) ()
#6  0x00000000004031f6 in main ()
===========================================================


