perl: warning: Setting locale failed.
perl: warning: Please check that your locale settings:
	LANGUAGE = (unset),
	LC_ALL = (unset),
	LC_CTYPE = "UTF-8",
	LANG = "C"
    are supported and installed on your system.
perl: warning: Falling back to the standard locale ("C").
Error in <TH3D::ComputeIntegral>: Integral = zero
Error in <TH3D::ComputeIntegral>: Integral = zero
Error in <TH3D::ComputeIntegral>: Integral = zero
Error in <TH3D::ComputeIntegral>: Integral = zero
Error in <TH3D::ComputeIntegral>: Integral = zero
Error in <TH3D::ComputeIntegral>: Integral = zero
Error in <TH3D::ComputeIntegral>: Integral = zero
Error in <TH3D::ComputeIntegral>: Integral = zero
Error in <TH3D::ComputeIntegral>: Integral = zero
Error in <TH3D::ComputeIntegral>: Integral = zero
Error in <TH3D::ComputeIntegral>: Integral = zero
Error in <TH3D::ComputeIntegral>: Integral = zero
Error in <TH3D::ComputeIntegral>: Integral = zero
Error in <TH3D::ComputeIntegral>: Integral = zero
Error in <TH3D::ComputeIntegral>: Integral = zero
Error in <TH3D::ComputeIntegral>: Integral = zero
Error in <TH3D::ComputeIntegral>: Integral = zero
Error in <TH3D::ComputeIntegral>: Integral = zero

 *** Break *** segmentation violation
condor_exec.exe: line 13:   108 Segmentation fault      (core dumped) ../bin/PYTHIA_gen.exe ./pythia_lists/list_cor_$1 0 1
