PWD: /afs/cern.ch/user/j/jiahaoy/second_checkout/for_jiahao/HeavyIonAnalysis/TrackAnalysis/batch
TEST 1
Starting event loop
Total Number of Files in this Job: 20
File 1 out of 20
Total Entries is:
1940067
File is /afs/cern.ch/user/p/pgardner/StorageArea/PYTHIA_CP5/pp_highMultGen_nChGT60_1017.root
File 2 out of 20
Total Entries is:
1940007
File is /afs/cern.ch/user/p/pgardner/StorageArea/PYTHIA_CP5/pp_highMultGen_nChGT60_1018.root
File 3 out of 20
Total Entries is:
1940409
File is /afs/cern.ch/user/p/pgardner/StorageArea/PYTHIA_CP5/pp_highMultGen_nChGT60_1019.root
File 4 out of 20
Total Entries is:
1551878
File is /afs/cern.ch/user/p/pgardner/StorageArea/PYTHIA_CP5/pp_highMultGen_nChGT60_102.root
File 5 out of 20
Total Entries is:
1940409
File is /afs/cern.ch/user/p/pgardner/StorageArea/PYTHIA_CP5/pp_highMultGen_nChGT60_1020.root
File 6 out of 20
Total Entries is:
1940383
File is /afs/cern.ch/user/p/pgardner/StorageArea/PYTHIA_CP5/pp_highMultGen_nChGT60_1021.root
File 7 out of 20
Total Entries is:
1940588
File is /afs/cern.ch/user/p/pgardner/StorageArea/PYTHIA_CP5/pp_highMultGen_nChGT60_1022.root
File 8 out of 20
Total Entries is:
1939609
File is /afs/cern.ch/user/p/pgardner/StorageArea/PYTHIA_CP5/pp_highMultGen_nChGT60_1023.root
File 9 out of 20
Total Entries is:
1940615
File is /afs/cern.ch/user/p/pgardner/StorageArea/PYTHIA_CP5/pp_highMultGen_nChGT60_1024.root
File 10 out of 20
Total Entries is:
1940615
File is /afs/cern.ch/user/p/pgardner/StorageArea/PYTHIA_CP5/pp_highMultGen_nChGT60_1025.root
File 11 out of 20
Total Entries is:
1939818
File is /afs/cern.ch/user/p/pgardner/StorageArea/PYTHIA_CP5/pp_highMultGen_nChGT60_1026.root
File 12 out of 20
Total Entries is:
1939818
File is /afs/cern.ch/user/p/pgardner/StorageArea/PYTHIA_CP5/pp_highMultGen_nChGT60_1027.root
File 13 out of 20
Total Entries is:
1939659
File is /afs/cern.ch/user/p/pgardner/StorageArea/PYTHIA_CP5/pp_highMultGen_nChGT60_1028.root
File 14 out of 20
Total Entries is:
1939726
File is /afs/cern.ch/user/p/pgardner/StorageArea/PYTHIA_CP5/pp_highMultGen_nChGT60_1029.root
File 15 out of 20
Total Entries is:
1551819
File is /afs/cern.ch/user/p/pgardner/StorageArea/PYTHIA_CP5/pp_highMultGen_nChGT60_103.root
File 16 out of 20
Total Entries is:
1940548
File is /afs/cern.ch/user/p/pgardner/StorageArea/PYTHIA_CP5/pp_highMultGen_nChGT60_1030.root
File 17 out of 20
Total Entries is:
1940232
File is /afs/cern.ch/user/p/pgardner/StorageArea/PYTHIA_CP5/pp_highMultGen_nChGT60_1031.root
File 18 out of 20
Total Entries is:
1940178
File is /afs/cern.ch/user/p/pgardner/StorageArea/PYTHIA_CP5/pp_highMultGen_nChGT60_1032.root
File 19 out of 20
Total Entries is:
1939995
File is /afs/cern.ch/user/p/pgardner/StorageArea/PYTHIA_CP5/pp_highMultGen_nChGT60_1033.root
File 20 out of 20
Total Entries is:
1939940
File is /afs/cern.ch/user/p/pgardner/StorageArea/PYTHIA_CP5/pp_highMultGen_nChGT60_1034.root
made 4
1/10
1/3
1/1
