000 (1706355.007.000) 08/02 22:49:42 Job submitted from host: <188.185.6.50:9618?addrs=188.185.6.50-9618+[2001-1458-d00-62--100-2b1]-9618&alias=bigbird25.cern.ch&noUDP&sock=schedd_8267_0d88>
...
040 (1706355.007.000) 08/02 23:01:05 Started transferring input files
	Transferring to host: <188.184.162.201:9618?addrs=188.184.162.201-9618+[2001-1458-301-4a--100-c3]-9618&alias=b7s11p5705.cern.ch&noUDP&sock=slot1_3_123163_39a9_137696>
...
040 (1706355.007.000) 08/02 23:01:05 Finished transferring input files
...
001 (1706355.007.000) 08/02 23:01:06 Job executing on host: <188.184.162.201:9618?addrs=188.184.162.201-9618+[2001-1458-301-4a--100-c3]-9618&alias=b7s11p5705.cern.ch&noUDP&sock=startd_28730_f804>
...
006 (1706355.007.000) 08/02 23:01:15 Image size of job updated: 999684
	130  -  MemoryUsage of job (MB)
	132236  -  ResidentSetSize of job (KB)
...
006 (1706355.007.000) 08/02 23:06:16 Image size of job updated: 999684
	280  -  MemoryUsage of job (MB)
	286596  -  ResidentSetSize of job (KB)
...
006 (1706355.007.000) 08/02 23:11:17 Image size of job updated: 999684
	281  -  MemoryUsage of job (MB)
	287124  -  ResidentSetSize of job (KB)
...
040 (1706355.007.000) 08/03 01:25:11 Started transferring output files
...
040 (1706355.007.000) 08/03 01:25:11 Finished transferring output files
...
005 (1706355.007.000) 08/03 01:25:11 Job terminated.
	(1) Normal termination (return value 0)
		Usr 0 02:14:22, Sys 0 00:00:05  -  Run Remote Usage
		Usr 0 00:00:00, Sys 0 00:00:00  -  Run Local Usage
		Usr 0 02:14:22, Sys 0 00:00:05  -  Total Remote Usage
		Usr 0 00:00:00, Sys 0 00:00:00  -  Total Local Usage
	8616  -  Run Bytes Sent By Job
	299  -  Run Bytes Received By Job
	8616  -  Total Bytes Sent By Job
	299  -  Total Bytes Received By Job
	Partitionable Resources :    Usage  Request Allocated 
	   Cpus                 :     0.98        1         1 
	   Disk (KB)            :    67           1   3008820 
	   Memory (MB)          :   281        2000      2000 

	Job terminated of its own accord at 2023-08-02T23:25:10Z.
...
