000 (1706355.011.000) 08/02 22:49:42 Job submitted from host: <188.185.6.50:9618?addrs=188.185.6.50-9618+[2001-1458-d00-62--100-2b1]-9618&alias=bigbird25.cern.ch&noUDP&sock=schedd_8267_0d88>
...
040 (1706355.011.000) 08/02 23:01:05 Started transferring input files
	Transferring to host: <188.184.162.8:9618?addrs=188.184.162.8-9618+[2001-1458-301-4a--100-2]-9618&alias=b7s11p0033.cern.ch&noUDP&sock=slot1_8_4117_8c80_126144>
...
040 (1706355.011.000) 08/02 23:01:05 Finished transferring input files
...
001 (1706355.011.000) 08/02 23:01:06 Job executing on host: <188.184.162.8:9618?addrs=188.184.162.8-9618+[2001-1458-301-4a--100-2]-9618&alias=b7s11p0033.cern.ch&noUDP&sock=startd_4053_996f>
...
006 (1706355.011.000) 08/02 23:01:15 Image size of job updated: 196780
	131  -  MemoryUsage of job (MB)
	133432  -  ResidentSetSize of job (KB)
...
006 (1706355.011.000) 08/02 23:06:15 Image size of job updated: 735032
	134  -  MemoryUsage of job (MB)
	136600  -  ResidentSetSize of job (KB)
...
006 (1706355.011.000) 08/02 23:11:15 Image size of job updated: 735604
	236  -  MemoryUsage of job (MB)
	241296  -  ResidentSetSize of job (KB)
...
006 (1706355.011.000) 08/02 23:16:16 Image size of job updated: 735604
	243  -  MemoryUsage of job (MB)
	247812  -  ResidentSetSize of job (KB)
...
006 (1706355.011.000) 08/02 23:21:17 Image size of job updated: 735704
	266  -  MemoryUsage of job (MB)
	272112  -  ResidentSetSize of job (KB)
...
006 (1706355.011.000) 08/02 23:26:17 Image size of job updated: 735704
	266  -  MemoryUsage of job (MB)
	272204  -  ResidentSetSize of job (KB)
...
006 (1706355.011.000) 08/02 23:31:17 Image size of job updated: 735704
	268  -  MemoryUsage of job (MB)
	273564  -  ResidentSetSize of job (KB)
...
006 (1706355.011.000) 08/02 23:36:18 Image size of job updated: 736276
	322  -  MemoryUsage of job (MB)
	328948  -  ResidentSetSize of job (KB)
...
006 (1706355.011.000) 08/02 23:41:18 Image size of job updated: 738140
	322  -  MemoryUsage of job (MB)
	328948  -  ResidentSetSize of job (KB)
...
006 (1706355.011.000) 08/03 00:56:25 Image size of job updated: 738140
	322  -  MemoryUsage of job (MB)
	329224  -  ResidentSetSize of job (KB)
...
006 (1706355.011.000) 08/03 01:26:28 Image size of job updated: 738140
	323  -  MemoryUsage of job (MB)
	330068  -  ResidentSetSize of job (KB)
...
006 (1706355.011.000) 08/03 01:41:30 Image size of job updated: 738140
	324  -  MemoryUsage of job (MB)
	330912  -  ResidentSetSize of job (KB)
...
040 (1706355.011.000) 08/03 01:48:10 Started transferring output files
...
040 (1706355.011.000) 08/03 01:48:10 Finished transferring output files
...
009 (1706355.011.000) 08/03 01:48:10 Job was aborted.
	Job removed by SYSTEM_PERIODIC_REMOVE due to wall time exceeded allowed max.
...
