000 (1706355.014.000) 08/02 22:49:42 Job submitted from host: <188.185.6.50:9618?addrs=188.185.6.50-9618+[2001-1458-d00-62--100-2b1]-9618&alias=bigbird25.cern.ch&noUDP&sock=schedd_8267_0d88>
...
040 (1706355.014.000) 08/02 23:01:06 Started transferring input files
	Transferring to host: <188.184.162.211:9618?addrs=188.184.162.211-9618+[2001-1458-301-4a--100-cd]-9618&alias=b7s11p1654.cern.ch&noUDP&sock=slot1_10_122006_039a_148340>
...
040 (1706355.014.000) 08/02 23:01:06 Finished transferring input files
...
001 (1706355.014.000) 08/02 23:01:07 Job executing on host: <188.184.162.211:9618?addrs=188.184.162.211-9618+[2001-1458-301-4a--100-cd]-9618&alias=b7s11p1654.cern.ch&noUDP&sock=startd_28702_c35d>
...
006 (1706355.014.000) 08/02 23:01:16 Image size of job updated: 419092
	44  -  MemoryUsage of job (MB)
	45040  -  ResidentSetSize of job (KB)
...
006 (1706355.014.000) 08/02 23:06:17 Image size of job updated: 845596
	136  -  MemoryUsage of job (MB)
	138588  -  ResidentSetSize of job (KB)
...
006 (1706355.014.000) 08/02 23:11:17 Image size of job updated: 863896
	157  -  MemoryUsage of job (MB)
	160156  -  ResidentSetSize of job (KB)
...
006 (1706355.014.000) 08/02 23:16:17 Image size of job updated: 864356
	157  -  MemoryUsage of job (MB)
	160156  -  ResidentSetSize of job (KB)
...
040 (1706355.014.000) 08/03 00:09:10 Started transferring output files
...
040 (1706355.014.000) 08/03 00:09:10 Finished transferring output files
...
005 (1706355.014.000) 08/03 00:09:10 Job terminated.
	(1) Normal termination (return value 0)
		Usr 0 01:06:43, Sys 0 00:00:17  -  Run Remote Usage
		Usr 0 00:00:00, Sys 0 00:00:00  -  Run Local Usage
		Usr 0 01:06:43, Sys 0 00:00:17  -  Total Remote Usage
		Usr 0 00:00:00, Sys 0 00:00:00  -  Total Local Usage
	8588  -  Run Bytes Sent By Job
	299  -  Run Bytes Received By Job
	8588  -  Total Bytes Sent By Job
	299  -  Total Bytes Received By Job
	Partitionable Resources :    Usage  Request Allocated 
	   Cpus                 :     0.98        1         1 
	   Disk (KB)            :    67           1   2974869 
	   Memory (MB)          :   157        2000      2000 

	Job terminated of its own accord at 2023-08-02T22:09:10Z.
...
