000 (1706355.001.000) 08/02 22:49:42 Job submitted from host: <188.185.6.50:9618?addrs=188.185.6.50-9618+[2001-1458-d00-62--100-2b1]-9618&alias=bigbird25.cern.ch&noUDP&sock=schedd_8267_0d88>
...
040 (1706355.001.000) 08/02 23:01:02 Started transferring input files
	Transferring to host: <128.142.195.145:9618?addrs=128.142.195.145-9618+[2001-1458-301-50--100-a]-9618&alias=b7g33p9988.cern.ch&noUDP&sock=slot1_29_6121_8c52_118501>
...
040 (1706355.001.000) 08/02 23:01:02 Finished transferring input files
...
001 (1706355.001.000) 08/02 23:01:03 Job executing on host: <128.142.195.145:9618?addrs=128.142.195.145-9618+[2001-1458-301-50--100-a]-9618&alias=b7g33p9988.cern.ch&noUDP&sock=startd_5162_47f7>
...
006 (1706355.001.000) 08/02 23:01:12 Image size of job updated: 200392
	135  -  MemoryUsage of job (MB)
	137940  -  ResidentSetSize of job (KB)
...
006 (1706355.001.000) 08/02 23:06:13 Image size of job updated: 863484
	137  -  MemoryUsage of job (MB)
	139616  -  ResidentSetSize of job (KB)
...
006 (1706355.001.000) 08/02 23:11:14 Image size of job updated: 863484
	240  -  MemoryUsage of job (MB)
	245248  -  ResidentSetSize of job (KB)
...
040 (1706355.001.000) 08/03 00:59:05 Started transferring output files
...
040 (1706355.001.000) 08/03 00:59:05 Finished transferring output files
...
005 (1706355.001.000) 08/03 00:59:05 Job terminated.
	(1) Normal termination (return value 0)
		Usr 0 01:57:19, Sys 0 00:00:16  -  Run Remote Usage
		Usr 0 00:00:00, Sys 0 00:00:00  -  Run Local Usage
		Usr 0 01:57:19, Sys 0 00:00:16  -  Total Remote Usage
		Usr 0 00:00:00, Sys 0 00:00:00  -  Total Local Usage
	8644  -  Run Bytes Sent By Job
	299  -  Run Bytes Received By Job
	8644  -  Total Bytes Sent By Job
	299  -  Total Bytes Received By Job
	Partitionable Resources :    Usage  Request Allocated 
	   Cpus                 :     1.00        1         1 
	   Disk (KB)            :    67           1   2808285 
	   Memory (MB)          :   240        2000      2000 

	Job terminated of its own accord at 2023-08-02T22:59:05Z.
...
