000 (1706355.002.000) 08/02 22:49:42 Job submitted from host: <188.185.6.50:9618?addrs=188.185.6.50-9618+[2001-1458-d00-62--100-2b1]-9618&alias=bigbird25.cern.ch&noUDP&sock=schedd_8267_0d88>
...
040 (1706355.002.000) 08/02 23:01:02 Started transferring input files
	Transferring to host: <128.142.195.184:9618?addrs=128.142.195.184-9618+[2001-1458-301-50--100-31]-9618&alias=b7g33p6543.cern.ch&noUDP&sock=slot1_12_6308_4e7a_35190>
...
040 (1706355.002.000) 08/02 23:01:02 Finished transferring input files
...
001 (1706355.002.000) 08/02 23:01:03 Job executing on host: <128.142.195.184:9618?addrs=128.142.195.184-9618+[2001-1458-301-50--100-31]-9618&alias=b7g33p6543.cern.ch&noUDP&sock=startd_6269_974e>
...
006 (1706355.002.000) 08/02 23:01:12 Image size of job updated: 719508
	131  -  MemoryUsage of job (MB)
	133332  -  ResidentSetSize of job (KB)
...
006 (1706355.002.000) 08/02 23:06:13 Image size of job updated: 861440
	141  -  MemoryUsage of job (MB)
	143456  -  ResidentSetSize of job (KB)
...
006 (1706355.002.000) 08/02 23:11:14 Image size of job updated: 861440
	238  -  MemoryUsage of job (MB)
	243180  -  ResidentSetSize of job (KB)
...
006 (1706355.002.000) 08/02 23:16:14 Image size of job updated: 861440
	296  -  MemoryUsage of job (MB)
	303008  -  ResidentSetSize of job (KB)
...
006 (1706355.002.000) 08/02 23:21:14 Image size of job updated: 865208
	312  -  MemoryUsage of job (MB)
	318912  -  ResidentSetSize of job (KB)
...
040 (1706355.002.000) 08/03 00:56:16 Started transferring output files
...
040 (1706355.002.000) 08/03 00:56:16 Finished transferring output files
...
005 (1706355.002.000) 08/03 00:56:16 Job terminated.
	(1) Normal termination (return value 0)
		Usr 0 01:54:08, Sys 0 00:00:37  -  Run Remote Usage
		Usr 0 00:00:00, Sys 0 00:00:00  -  Run Local Usage
		Usr 0 01:54:08, Sys 0 00:00:37  -  Total Remote Usage
		Usr 0 00:00:00, Sys 0 00:00:00  -  Total Local Usage
	8646  -  Run Bytes Sent By Job
	299  -  Run Bytes Received By Job
	8646  -  Total Bytes Sent By Job
	299  -  Total Bytes Received By Job
	Partitionable Resources :    Usage  Request Allocated 
	   Cpus                 :     1.00        1         1 
	   Disk (KB)            :    67           1   2870147 
	   Memory (MB)          :   312        2000      2000 

	Job terminated of its own accord at 2023-08-02T22:56:16Z.
...
