000 (1706355.012.000) 08/02 22:49:42 Job submitted from host: <188.185.6.50:9618?addrs=188.185.6.50-9618+[2001-1458-d00-62--100-2b1]-9618&alias=bigbird25.cern.ch&noUDP&sock=schedd_8267_0d88>
...
040 (1706355.012.000) 08/02 23:01:06 Started transferring input files
	Transferring to host: <128.142.248.113:9618?addrs=128.142.248.113-9618+[2001-1458-301-73--100-161]-9618&alias=b7g23p9831.cern.ch&noUDP&sock=slot1_7_122105_c4be_18132>
...
040 (1706355.012.000) 08/02 23:01:06 Finished transferring input files
...
001 (1706355.012.000) 08/02 23:01:07 Job executing on host: <128.142.248.113:9618?addrs=128.142.248.113-9618+[2001-1458-301-73--100-161]-9618&alias=b7g23p9831.cern.ch&noUDP&sock=startd_152923_0971>
...
006 (1706355.012.000) 08/02 23:01:15 Image size of job updated: 196188
	131  -  MemoryUsage of job (MB)
	133544  -  ResidentSetSize of job (KB)
...
006 (1706355.012.000) 08/02 23:06:15 Image size of job updated: 735568
	239  -  MemoryUsage of job (MB)
	243816  -  ResidentSetSize of job (KB)
...
006 (1706355.012.000) 08/02 23:16:16 Image size of job updated: 841308
	239  -  MemoryUsage of job (MB)
	243816  -  ResidentSetSize of job (KB)
...
006 (1706355.012.000) 08/02 23:21:16 Image size of job updated: 841636
	239  -  MemoryUsage of job (MB)
	243816  -  ResidentSetSize of job (KB)
...
040 (1706355.012.000) 08/03 00:20:18 Started transferring output files
...
040 (1706355.012.000) 08/03 00:20:18 Finished transferring output files
...
005 (1706355.012.000) 08/03 00:20:18 Job terminated.
	(1) Normal termination (return value 0)
		Usr 0 01:18:55, Sys 0 00:00:03  -  Run Remote Usage
		Usr 0 00:00:00, Sys 0 00:00:00  -  Run Local Usage
		Usr 0 01:18:55, Sys 0 00:00:03  -  Total Remote Usage
		Usr 0 00:00:00, Sys 0 00:00:00  -  Total Local Usage
	8602  -  Run Bytes Sent By Job
	299  -  Run Bytes Received By Job
	8602  -  Total Bytes Sent By Job
	299  -  Total Bytes Received By Job
	Partitionable Resources :    Usage  Request Allocated 
	   Cpus                 :     1.00        1         1 
	   Disk (KB)            :    67           1   3012827 
	   Memory (MB)          :   239        2000      2000 

	Job terminated of its own accord at 2023-08-02T22:20:18Z.
...
