000 (1701125.006.000) 08/01 19:22:58 Job submitted from host: <188.185.6.50:9618?addrs=188.185.6.50-9618+[2001-1458-d00-62--100-2b1]-9618&alias=bigbird25.cern.ch&noUDP&sock=schedd_8267_0d88>
...
040 (1701125.006.000) 08/01 19:24:56 Started transferring input files
	Transferring to host: <188.184.163.63:9618?addrs=188.184.163.63-9618+[2001-1458-301-4d--100-39]-9618&alias=b7s12p8378.cern.ch&noUDP&sock=slot1_15_4366_fdeb_10496>
...
040 (1701125.006.000) 08/01 19:24:56 Finished transferring input files
...
001 (1701125.006.000) 08/01 19:24:57 Job executing on host: <188.184.163.63:9618?addrs=188.184.163.63-9618+[2001-1458-301-4d--100-39]-9618&alias=b7s12p8378.cern.ch&noUDP&sock=startd_3135_ed7e>
...
006 (1701125.006.000) 08/01 19:25:05 Image size of job updated: 3684
	4  -  MemoryUsage of job (MB)
	3472  -  ResidentSetSize of job (KB)
...
006 (1701125.006.000) 08/01 19:30:05 Image size of job updated: 1235416
	645  -  MemoryUsage of job (MB)
	659976  -  ResidentSetSize of job (KB)
...
006 (1701125.006.000) 08/01 19:40:06 Image size of job updated: 1235608
	645  -  MemoryUsage of job (MB)
	660036  -  ResidentSetSize of job (KB)
...
006 (1701125.006.000) 08/01 19:45:06 Image size of job updated: 1236044
	648  -  MemoryUsage of job (MB)
	663028  -  ResidentSetSize of job (KB)
...
006 (1701125.006.000) 08/01 19:55:08 Image size of job updated: 1236068
	648  -  MemoryUsage of job (MB)
	663028  -  ResidentSetSize of job (KB)
...
040 (1701125.006.000) 08/01 20:56:49 Started transferring output files
...
040 (1701125.006.000) 08/01 20:56:49 Finished transferring output files
...
005 (1701125.006.000) 08/01 20:56:49 Job terminated.
	(1) Normal termination (return value 0)
		Usr 0 01:30:12, Sys 0 00:00:11  -  Run Remote Usage
		Usr 0 00:00:00, Sys 0 00:00:00  -  Run Local Usage
		Usr 0 01:30:12, Sys 0 00:00:11  -  Total Remote Usage
		Usr 0 00:00:00, Sys 0 00:00:00  -  Total Local Usage
	13022  -  Run Bytes Sent By Job
	299  -  Run Bytes Received By Job
	13022  -  Total Bytes Sent By Job
	299  -  Total Bytes Received By Job
	Partitionable Resources :    Usage  Request Allocated 
	   Cpus                 :     1.00        1         1 
	   Disk (KB)            :    72           1   3055123 
	   Memory (MB)          :   648        2000      2000 

	Job terminated of its own accord at 2023-08-01T18:56:49Z.
...
000 (1701821.006.000) 08/01 22:04:11 Job submitted from host: <188.185.6.50:9618?addrs=188.185.6.50-9618+[2001-1458-d00-62--100-2b1]-9618&alias=bigbird25.cern.ch&noUDP&sock=schedd_8267_0d88>
...
040 (1701821.006.000) 08/01 22:06:50 Started transferring input files
	Transferring to host: <188.184.163.8:9618?addrs=188.184.163.8-9618+[2001-1458-301-4d--100-2]-9618&alias=b7s12p6507.cern.ch&noUDP&sock=slot1_28_3730_df51_136462>
...
040 (1701821.006.000) 08/01 22:06:50 Finished transferring input files
...
001 (1701821.006.000) 08/01 22:06:51 Job executing on host: <188.184.163.8:9618?addrs=188.184.163.8-9618+[2001-1458-301-4d--100-2]-9618&alias=b7s12p6507.cern.ch&noUDP&sock=startd_2978_3d20>
...
006 (1701821.006.000) 08/01 22:07:00 Image size of job updated: 842048
	131  -  MemoryUsage of job (MB)
	133672  -  ResidentSetSize of job (KB)
...
006 (1701821.006.000) 08/01 22:12:01 Image size of job updated: 864888
	284  -  MemoryUsage of job (MB)
	289884  -  ResidentSetSize of job (KB)
...
006 (1701821.006.000) 08/01 22:22:01 Image size of job updated: 864888
	286  -  MemoryUsage of job (MB)
	292484  -  ResidentSetSize of job (KB)
...
006 (1701821.006.000) 08/01 22:27:02 Image size of job updated: 865516
	286  -  MemoryUsage of job (MB)
	292484  -  ResidentSetSize of job (KB)
...
006 (1701821.006.000) 08/01 22:32:03 Image size of job updated: 865540
	286  -  MemoryUsage of job (MB)
	292484  -  ResidentSetSize of job (KB)
...
040 (1701821.006.000) 08/01 23:52:55 Started transferring output files
...
040 (1701821.006.000) 08/01 23:52:55 Finished transferring output files
...
005 (1701821.006.000) 08/01 23:52:55 Job terminated.
	(1) Normal termination (return value 0)
		Usr 0 01:45:02, Sys 0 00:00:46  -  Run Remote Usage
		Usr 0 00:00:00, Sys 0 00:00:00  -  Run Local Usage
		Usr 0 01:45:02, Sys 0 00:00:46  -  Total Remote Usage
		Usr 0 00:00:00, Sys 0 00:00:00  -  Total Local Usage
	8622  -  Run Bytes Sent By Job
	299  -  Run Bytes Received By Job
	8622  -  Total Bytes Sent By Job
	299  -  Total Bytes Received By Job
	Partitionable Resources :    Usage  Request Allocated 
	   Cpus                 :     1.00        1         1 
	   Disk (KB)            :    67           1   2939030 
	   Memory (MB)          :   286        2000      2000 

	Job terminated of its own accord at 2023-08-01T21:52:55Z.
...
