000 (1706355.000.000) 08/02 22:49:42 Job submitted from host: <188.185.6.50:9618?addrs=188.185.6.50-9618+[2001-1458-d00-62--100-2b1]-9618&alias=bigbird25.cern.ch&noUDP&sock=schedd_8267_0d88>
...
040 (1706355.000.000) 08/02 23:01:02 Started transferring input files
	Transferring to host: <128.142.63.83:9618?addrs=128.142.63.83-9618+[2001-1458-301-38--100-50]-9618&alias=b7s08p6373.cern.ch&noUDP&sock=slot1_18_17734_f50a_28536>
...
040 (1706355.000.000) 08/02 23:01:02 Finished transferring input files
...
001 (1706355.000.000) 08/02 23:01:03 Job executing on host: <128.142.63.83:9618?addrs=128.142.63.83-9618+[2001-1458-301-38--100-50]-9618&alias=b7s08p6373.cern.ch&noUDP&sock=startd_3088_b08b>
...
006 (1706355.000.000) 08/02 23:01:12 Image size of job updated: 195072
	130  -  MemoryUsage of job (MB)
	132256  -  ResidentSetSize of job (KB)
...
006 (1706355.000.000) 08/02 23:06:13 Image size of job updated: 596224
	134  -  MemoryUsage of job (MB)
	136672  -  ResidentSetSize of job (KB)
...
006 (1706355.000.000) 08/02 23:11:14 Image size of job updated: 596228
	134  -  MemoryUsage of job (MB)
	137096  -  ResidentSetSize of job (KB)
...
006 (1706355.000.000) 08/02 23:16:14 Image size of job updated: 848936
	144  -  MemoryUsage of job (MB)
	147396  -  ResidentSetSize of job (KB)
...
006 (1706355.000.000) 08/02 23:31:16 Image size of job updated: 848936
	145  -  MemoryUsage of job (MB)
	147548  -  ResidentSetSize of job (KB)
...
006 (1706355.000.000) 08/02 23:36:16 Image size of job updated: 848936
	145  -  MemoryUsage of job (MB)
	147584  -  ResidentSetSize of job (KB)
...
006 (1706355.000.000) 08/02 23:41:17 Image size of job updated: 848936
	145  -  MemoryUsage of job (MB)
	148300  -  ResidentSetSize of job (KB)
...
006 (1706355.000.000) 08/02 23:46:17 Image size of job updated: 848936
	146  -  MemoryUsage of job (MB)
	149284  -  ResidentSetSize of job (KB)
...
006 (1706355.000.000) 08/03 00:01:19 Image size of job updated: 848936
	147  -  MemoryUsage of job (MB)
	149988  -  ResidentSetSize of job (KB)
...
040 (1706355.000.000) 08/03 00:02:14 Started transferring output files
...
040 (1706355.000.000) 08/03 00:02:14 Finished transferring output files
...
005 (1706355.000.000) 08/03 00:02:14 Job terminated.
	(1) Normal termination (return value 0)
		Usr 0 01:00:38, Sys 0 00:00:06  -  Run Remote Usage
		Usr 0 00:00:00, Sys 0 00:00:00  -  Run Local Usage
		Usr 0 01:00:38, Sys 0 00:00:06  -  Total Remote Usage
		Usr 0 00:00:00, Sys 0 00:00:00  -  Total Local Usage
	7921  -  Run Bytes Sent By Job
	299  -  Run Bytes Received By Job
	7921  -  Total Bytes Sent By Job
	299  -  Total Bytes Received By Job
	Partitionable Resources :    Usage  Request Allocated 
	   Cpus                 :     1.00        1         1 
	   Disk (KB)            :    67           1   1138425 
	   Memory (MB)          :   147        2000      2000 

	Job terminated of its own accord at 2023-08-02T22:02:14Z.
...
