000 (1706355.005.000) 08/02 22:49:42 Job submitted from host: <188.185.6.50:9618?addrs=188.185.6.50-9618+[2001-1458-d00-62--100-2b1]-9618&alias=bigbird25.cern.ch&noUDP&sock=schedd_8267_0d88>
...
040 (1706355.005.000) 08/02 23:01:03 Started transferring input files
	Transferring to host: <128.142.59.10:9618?addrs=128.142.59.10-9618&alias=b7s04p7889.cern.ch&noUDP&sock=slot1_13_3983_223b_111256>
...
040 (1706355.005.000) 08/02 23:01:03 Finished transferring input files
...
001 (1706355.005.000) 08/02 23:01:04 Job executing on host: <128.142.59.10:9618?addrs=128.142.59.10-9618&alias=b7s04p7889.cern.ch&noUDP&sock=startd_2970_c05e>
...
006 (1706355.005.000) 08/02 23:01:13 Image size of job updated: 195300
	131  -  MemoryUsage of job (MB)
	133452  -  ResidentSetSize of job (KB)
...
006 (1706355.005.000) 08/02 23:06:14 Image size of job updated: 735836
	239  -  MemoryUsage of job (MB)
	244576  -  ResidentSetSize of job (KB)
...
006 (1706355.005.000) 08/02 23:16:15 Image size of job updated: 863480
	279  -  MemoryUsage of job (MB)
	285228  -  ResidentSetSize of job (KB)
...
006 (1706355.005.000) 08/02 23:21:16 Image size of job updated: 863480
	285  -  MemoryUsage of job (MB)
	291620  -  ResidentSetSize of job (KB)
...
006 (1706355.005.000) 08/02 23:26:17 Image size of job updated: 863480
	314  -  MemoryUsage of job (MB)
	320704  -  ResidentSetSize of job (KB)
...
006 (1706355.005.000) 08/02 23:31:17 Image size of job updated: 863480
	318  -  MemoryUsage of job (MB)
	324976  -  ResidentSetSize of job (KB)
...
006 (1706355.005.000) 08/03 00:16:21 Image size of job updated: 863480
	319  -  MemoryUsage of job (MB)
	325944  -  ResidentSetSize of job (KB)
...
040 (1706355.005.000) 08/03 00:58:54 Started transferring output files
...
040 (1706355.005.000) 08/03 00:58:54 Finished transferring output files
...
005 (1706355.005.000) 08/03 00:58:54 Job terminated.
	(1) Normal termination (return value 0)
		Usr 0 01:57:01, Sys 0 00:00:15  -  Run Remote Usage
		Usr 0 00:00:00, Sys 0 00:00:00  -  Run Local Usage
		Usr 0 01:57:01, Sys 0 00:00:15  -  Total Remote Usage
		Usr 0 00:00:00, Sys 0 00:00:00  -  Total Local Usage
	8647  -  Run Bytes Sent By Job
	299  -  Run Bytes Received By Job
	8647  -  Total Bytes Sent By Job
	299  -  Total Bytes Received By Job
	Partitionable Resources :    Usage  Request Allocated 
	   Cpus                 :     1.00        1         1 
	   Disk (KB)            :    67           1   1167973 
	   Memory (MB)          :   319        2000      2000 

	Job terminated of its own accord at 2023-08-02T22:58:54Z.
...
