PWD: /afs/cern.ch/user/j/jiahaoy/second_checkout/for_jiahao/HeavyIonAnalysis/TrackAnalysis/batch
TEST 1
Starting event loop
Total Number of Files in this Job: 20
File 1 out of 20
Total Entries is:
1939863
File is /afs/cern.ch/user/p/pgardner/StorageArea/PYTHIA_CP5/pp_highMultGen_nChGT60_10.root
File 2 out of 20
Total Entries is:
1551912
File is /afs/cern.ch/user/p/pgardner/StorageArea/PYTHIA_CP5/pp_highMultGen_nChGT60_100.root
File 3 out of 20
Total Entries is:
1940482
File is /afs/cern.ch/user/p/pgardner/StorageArea/PYTHIA_CP5/pp_highMultGen_nChGT60_1000.root
File 4 out of 20
Total Entries is:
1939876
File is /afs/cern.ch/user/p/pgardner/StorageArea/PYTHIA_CP5/pp_highMultGen_nChGT60_1001.root
File 5 out of 20
Total Entries is:
1939979
File is /afs/cern.ch/user/p/pgardner/StorageArea/PYTHIA_CP5/pp_highMultGen_nChGT60_1002.root
File 6 out of 20
Total Entries is:
1940261
File is /afs/cern.ch/user/p/pgardner/StorageArea/PYTHIA_CP5/pp_highMultGen_nChGT60_1003.root
File 7 out of 20
Total Entries is:
1939996
File is /afs/cern.ch/user/p/pgardner/StorageArea/PYTHIA_CP5/pp_highMultGen_nChGT60_1004.root
File 8 out of 20
Total Entries is:
1940047
File is /afs/cern.ch/user/p/pgardner/StorageArea/PYTHIA_CP5/pp_highMultGen_nChGT60_1005.root
File 9 out of 20
Total Entries is:
1939831
File is /afs/cern.ch/user/p/pgardner/StorageArea/PYTHIA_CP5/pp_highMultGen_nChGT60_1006.root
File 10 out of 20
Total Entries is:
1940391
File is /afs/cern.ch/user/p/pgardner/StorageArea/PYTHIA_CP5/pp_highMultGen_nChGT60_1007.root
File 11 out of 20
Total Entries is:
1940239
File is /afs/cern.ch/user/p/pgardner/StorageArea/PYTHIA_CP5/pp_highMultGen_nChGT60_1008.root
File 12 out of 20
Total Entries is:
1939885
File is /afs/cern.ch/user/p/pgardner/StorageArea/PYTHIA_CP5/pp_highMultGen_nChGT60_1009.root
File 13 out of 20
Total Entries is:
1552522
File is /afs/cern.ch/user/p/pgardner/StorageArea/PYTHIA_CP5/pp_highMultGen_nChGT60_101.root
File 14 out of 20
Total Entries is:
1939927
File is /afs/cern.ch/user/p/pgardner/StorageArea/PYTHIA_CP5/pp_highMultGen_nChGT60_1010.root
File 15 out of 20
Total Entries is:
1939768
File is /afs/cern.ch/user/p/pgardner/StorageArea/PYTHIA_CP5/pp_highMultGen_nChGT60_1011.root
File 16 out of 20
Total Entries is:
1940067
File is /afs/cern.ch/user/p/pgardner/StorageArea/PYTHIA_CP5/pp_highMultGen_nChGT60_1012.root
File 17 out of 20
Total Entries is:
1940067
File is /afs/cern.ch/user/p/pgardner/StorageArea/PYTHIA_CP5/pp_highMultGen_nChGT60_1013.root
File 18 out of 20
Total Entries is:
1940067
File is /afs/cern.ch/user/p/pgardner/StorageArea/PYTHIA_CP5/pp_highMultGen_nChGT60_1014.root
File 19 out of 20
Total Entries is:
1940067
File is /afs/cern.ch/user/p/pgardner/StorageArea/PYTHIA_CP5/pp_highMultGen_nChGT60_1015.root
File 20 out of 20
Total Entries is:
1940067
File is /afs/cern.ch/user/p/pgardner/StorageArea/PYTHIA_CP5/pp_highMultGen_nChGT60_1016.root
made 4
1/10
1/3
1/1
