PWD: /afs/cern.ch/user/j/jiahaoy/second_checkout/for_jiahao/HeavyIonAnalysis/TrackAnalysis/batch
TEST 1
Starting event loop
Total Number of Files in this Job: 20
File 1 out of 20
Total Entries is:
1939809
File is /afs/cern.ch/user/p/pgardner/StorageArea/PYTHIA_CP5/pp_highMultGen_nChGT60_1053.root
File 2 out of 20
Total Entries is:
1939894
File is /afs/cern.ch/user/p/pgardner/StorageArea/PYTHIA_CP5/pp_highMultGen_nChGT60_1054.root
File 3 out of 20
Total Entries is:
1940028
File is /afs/cern.ch/user/p/pgardner/StorageArea/PYTHIA_CP5/pp_highMultGen_nChGT60_1055.root
File 4 out of 20
Total Entries is:
1940131
File is /afs/cern.ch/user/p/pgardner/StorageArea/PYTHIA_CP5/pp_highMultGen_nChGT60_1056.root
File 5 out of 20
Total Entries is:
1940442
File is /afs/cern.ch/user/p/pgardner/StorageArea/PYTHIA_CP5/pp_highMultGen_nChGT60_1057.root
File 6 out of 20
Total Entries is:
1939876
File is /afs/cern.ch/user/p/pgardner/StorageArea/PYTHIA_CP5/pp_highMultGen_nChGT60_1058.root
File 7 out of 20
Total Entries is:
1939902
File is /afs/cern.ch/user/p/pgardner/StorageArea/PYTHIA_CP5/pp_highMultGen_nChGT60_1059.root
File 8 out of 20
Total Entries is:
1552103
File is /afs/cern.ch/user/p/pgardner/StorageArea/PYTHIA_CP5/pp_highMultGen_nChGT60_106.root
File 9 out of 20
Total Entries is:
1940258
File is /afs/cern.ch/user/p/pgardner/StorageArea/PYTHIA_CP5/pp_highMultGen_nChGT60_1060.root
File 10 out of 20
Total Entries is:
1940258
File is /afs/cern.ch/user/p/pgardner/StorageArea/PYTHIA_CP5/pp_highMultGen_nChGT60_1061.root
File 11 out of 20
Total Entries is:
1940258
File is /afs/cern.ch/user/p/pgardner/StorageArea/PYTHIA_CP5/pp_highMultGen_nChGT60_1062.root
File 12 out of 20
Total Entries is:
1940258
File is /afs/cern.ch/user/p/pgardner/StorageArea/PYTHIA_CP5/pp_highMultGen_nChGT60_1063.root
File 13 out of 20
Total Entries is:
1940095
File is /afs/cern.ch/user/p/pgardner/StorageArea/PYTHIA_CP5/pp_highMultGen_nChGT60_1064.root
File 14 out of 20
Total Entries is:
1940047
File is /afs/cern.ch/user/p/pgardner/StorageArea/PYTHIA_CP5/pp_highMultGen_nChGT60_1065.root
File 15 out of 20
Total Entries is:
1939812
File is /afs/cern.ch/user/p/pgardner/StorageArea/PYTHIA_CP5/pp_highMultGen_nChGT60_1066.root
File 16 out of 20
Total Entries is:
1940380
File is /afs/cern.ch/user/p/pgardner/StorageArea/PYTHIA_CP5/pp_highMultGen_nChGT60_1067.root
File 17 out of 20
Total Entries is:
1939586
File is /afs/cern.ch/user/p/pgardner/StorageArea/PYTHIA_CP5/pp_highMultGen_nChGT60_1068.root
File 18 out of 20
Total Entries is:
1939812
File is /afs/cern.ch/user/p/pgardner/StorageArea/PYTHIA_CP5/pp_highMultGen_nChGT60_1069.root
File 19 out of 20
Total Entries is:
1551974
File is /afs/cern.ch/user/p/pgardner/StorageArea/PYTHIA_CP5/pp_highMultGen_nChGT60_107.root
File 20 out of 20
Total Entries is:
1940231
File is /afs/cern.ch/user/p/pgardner/StorageArea/PYTHIA_CP5/pp_highMultGen_nChGT60_1070.root
made 4
1/10
1/3
1/1
