PWD: /afs/cern.ch/user/j/jiahaoy/second_checkout/for_jiahao/HeavyIonAnalysis/TrackAnalysis/batch
TEST 1
Starting event loop
Total Number of Files in this Job: 20
File 1 out of 20
Total Entries is:
1940285
File is /afs/cern.ch/user/p/pgardner/StorageArea/PYTHIA_CP5/pp_highMultGen_nChGT60_2045.root
File 2 out of 20
Total Entries is:
1940039
File is /afs/cern.ch/user/p/pgardner/StorageArea/PYTHIA_CP5/pp_highMultGen_nChGT60_2046.root
File 3 out of 20
Total Entries is:
1939857
File is /afs/cern.ch/user/p/pgardner/StorageArea/PYTHIA_CP5/pp_highMultGen_nChGT60_2047.root
File 4 out of 20
Total Entries is:
1940155
File is /afs/cern.ch/user/p/pgardner/StorageArea/PYTHIA_CP5/pp_highMultGen_nChGT60_2048.root
File 5 out of 20
Total Entries is:
1940155
File is /afs/cern.ch/user/p/pgardner/StorageArea/PYTHIA_CP5/pp_highMultGen_nChGT60_2049.root
File 6 out of 20
Total Entries is:
1940258
File is /afs/cern.ch/user/p/pgardner/StorageArea/PYTHIA_CP5/pp_highMultGen_nChGT60_2050.root
File 7 out of 20
Total Entries is:
1940355
File is /afs/cern.ch/user/p/pgardner/StorageArea/PYTHIA_CP5/pp_highMultGen_nChGT60_2051.root
File 8 out of 20
Total Entries is:
1939988
File is /afs/cern.ch/user/p/pgardner/StorageArea/PYTHIA_CP5/pp_highMultGen_nChGT60_2052.root
File 9 out of 20
Total Entries is:
1939445
File is /afs/cern.ch/user/p/pgardner/StorageArea/PYTHIA_CP5/pp_highMultGen_nChGT60_2053.root
File 10 out of 20
Total Entries is:
1940510
File is /afs/cern.ch/user/p/pgardner/StorageArea/PYTHIA_CP5/pp_highMultGen_nChGT60_2054.root
File 11 out of 20
Total Entries is:
1940335
File is /afs/cern.ch/user/p/pgardner/StorageArea/PYTHIA_CP5/pp_highMultGen_nChGT60_2055.root
File 12 out of 20
Total Entries is:
1939971
File is /afs/cern.ch/user/p/pgardner/StorageArea/PYTHIA_CP5/pp_highMultGen_nChGT60_2056.root
File 13 out of 20
Total Entries is:
1940087
File is /afs/cern.ch/user/p/pgardner/StorageArea/PYTHIA_CP5/pp_highMultGen_nChGT60_2057.root
File 14 out of 20
Total Entries is:
1940069
File is /afs/cern.ch/user/p/pgardner/StorageArea/PYTHIA_CP5/pp_highMultGen_nChGT60_2058.root
File 15 out of 20
Total Entries is:
1940035
File is /afs/cern.ch/user/p/pgardner/StorageArea/PYTHIA_CP5/pp_highMultGen_nChGT60_2059.root
File 16 out of 20
Total Entries is:
1940469
File is /afs/cern.ch/user/p/pgardner/StorageArea/PYTHIA_CP5/pp_highMultGen_nChGT60_2060.root
File 17 out of 20
Total Entries is:
1940469
File is /afs/cern.ch/user/p/pgardner/StorageArea/PYTHIA_CP5/pp_highMultGen_nChGT60_2061.root
File 18 out of 20
Total Entries is:
1940313
File is /afs/cern.ch/user/p/pgardner/StorageArea/PYTHIA_CP5/pp_highMultGen_nChGT60_2062.root
File 19 out of 20
Total Entries is:
1940297
File is /afs/cern.ch/user/p/pgardner/StorageArea/PYTHIA_CP5/pp_highMultGen_nChGT60_2063.root
File 20 out of 20
Total Entries is:
1939906
File is /afs/cern.ch/user/p/pgardner/StorageArea/PYTHIA_CP5/pp_highMultGen_nChGT60_2064.root
made 4
1/10
1/3
1/1
2/3
1/1
3/3
1/1
2/10
1/3
1/1
2/3
1/1
3/3
1/1
3/10
1/3
1/1
2/3
1/1
3/3
1/1
4/10
1/3
1/1
2/3
1/1
3/3
1/1
5/10
1/3
1/1
2/3
1/1
3/3
1/1
6/10
1/3
1/1
2/3
1/1
3/3
1/1
7/10
1/3
1/1
2/3
1/1
3/3
1/1
8/10
1/3
1/1
2/3
1/1
3/3
1/1
9/10
1/3
1/1
2/3
1/1
3/3
1/1
10/10
1/3
1/1
2/3
1/1
3/3
1/1
