000 (1706358.001.000) 08/02 22:50:04 Job submitted from host: <188.185.6.50:9618?addrs=188.185.6.50-9618+[2001-1458-d00-62--100-2b1]-9618&alias=bigbird25.cern.ch&noUDP&sock=schedd_8267_0d88>
...
040 (1706358.001.000) 08/02 23:01:17 Started transferring input files
	Transferring to host: <128.142.132.182:9618?addrs=128.142.132.182-9618+[2001-1458-301-5a--100-aa]-9618&alias=b7g12p8822.cern.ch&noUDP&sock=slot1_10_3466_dc46_125670>
...
040 (1706358.001.000) 08/02 23:01:17 Finished transferring input files
...
001 (1706358.001.000) 08/02 23:01:18 Job executing on host: <128.142.132.182:9618?addrs=128.142.132.182-9618+[2001-1458-301-5a--100-aa]-9618&alias=b7g12p8822.cern.ch&noUDP&sock=startd_2892_3ffb>
...
006 (1706358.001.000) 08/02 23:01:27 Image size of job updated: 432604
	60  -  MemoryUsage of job (MB)
	60444  -  ResidentSetSize of job (KB)
...
006 (1706358.001.000) 08/02 23:06:28 Image size of job updated: 802576
	177  -  MemoryUsage of job (MB)
	181012  -  ResidentSetSize of job (KB)
...
006 (1706358.001.000) 08/02 23:16:28 Image size of job updated: 802576
	179  -  MemoryUsage of job (MB)
	182792  -  ResidentSetSize of job (KB)
...
006 (1706358.001.000) 08/02 23:26:30 Image size of job updated: 802576
	223  -  MemoryUsage of job (MB)
	228268  -  ResidentSetSize of job (KB)
...
040 (1706358.001.000) 08/03 01:48:22 Started transferring output files
...
040 (1706358.001.000) 08/03 01:48:22 Finished transferring output files
...
009 (1706358.001.000) 08/03 01:48:22 Job was aborted.
	Job removed by SYSTEM_PERIODIC_REMOVE due to wall time exceeded allowed max.
...
