000 (1701126.010.000) 08/01 19:23:09 Job submitted from host: <188.185.6.50:9618?addrs=188.185.6.50-9618+[2001-1458-d00-62--100-2b1]-9618&alias=bigbird25.cern.ch&noUDP&sock=schedd_8267_0d88>
...
040 (1701126.010.000) 08/01 19:25:01 Started transferring input files
	Transferring to host: <188.184.162.170:9618?addrs=188.184.162.170-9618+[2001-1458-301-4a--100-a4]-9618&alias=b7s11p8638.cern.ch&noUDP&sock=slot1_19_3688_478f_42754>
...
040 (1701126.010.000) 08/01 19:25:01 Finished transferring input files
...
001 (1701126.010.000) 08/01 19:25:02 Job executing on host: <188.184.162.170:9618?addrs=188.184.162.170-9618+[2001-1458-301-4a--100-a4]-9618&alias=b7s11p8638.cern.ch&noUDP&sock=startd_2902_1bed>
...
006 (1701126.010.000) 08/01 19:25:11 Image size of job updated: 863984
	493  -  MemoryUsage of job (MB)
	504088  -  ResidentSetSize of job (KB)
...
006 (1701126.010.000) 08/01 19:30:12 Image size of job updated: 1106432
	503  -  MemoryUsage of job (MB)
	514400  -  ResidentSetSize of job (KB)
...
006 (1701126.010.000) 08/01 19:35:12 Image size of job updated: 1106432
	599  -  MemoryUsage of job (MB)
	612844  -  ResidentSetSize of job (KB)
...
006 (1701126.010.000) 08/01 19:40:12 Image size of job updated: 1106432
	600  -  MemoryUsage of job (MB)
	614152  -  ResidentSetSize of job (KB)
...
006 (1701126.010.000) 08/01 20:00:14 Image size of job updated: 1107032
	600  -  MemoryUsage of job (MB)
	614352  -  ResidentSetSize of job (KB)
...
006 (1701126.010.000) 08/01 21:25:24 Image size of job updated: 1107032
	603  -  MemoryUsage of job (MB)
	617132  -  ResidentSetSize of job (KB)
...
040 (1701126.010.000) 08/01 21:30:09 Started transferring output files
...
040 (1701126.010.000) 08/01 21:30:09 Finished transferring output files
...
005 (1701126.010.000) 08/01 21:30:09 Job terminated.
	(1) Normal termination (return value 0)
		Usr 0 02:04:09, Sys 0 00:00:11  -  Run Remote Usage
		Usr 0 00:00:00, Sys 0 00:00:00  -  Run Local Usage
		Usr 0 02:04:09, Sys 0 00:00:11  -  Total Remote Usage
		Usr 0 00:00:00, Sys 0 00:00:00  -  Total Local Usage
	13048  -  Run Bytes Sent By Job
	301  -  Run Bytes Received By Job
	13048  -  Total Bytes Sent By Job
	301  -  Total Bytes Received By Job
	Partitionable Resources :    Usage  Request Allocated 
	   Cpus                 :     1.00        1         1 
	   Disk (KB)            :    72           1   2872266 
	   Memory (MB)          :   603        2000      2000 

	Job terminated of its own accord at 2023-08-01T19:30:09Z.
...
000 (1701823.010.000) 08/01 22:04:39 Job submitted from host: <188.185.6.50:9618?addrs=188.185.6.50-9618+[2001-1458-d00-62--100-2b1]-9618&alias=bigbird25.cern.ch&noUDP&sock=schedd_8267_0d88>
...
040 (1701823.010.000) 08/01 22:07:02 Started transferring input files
	Transferring to host: <128.142.195.157:9618?addrs=128.142.195.157-9618+[2001-1458-301-50--100-16]-9618&alias=b7g33p7726.cern.ch&noUDP&sock=slot1_5_61430_bdfb_46552>
...
040 (1701823.010.000) 08/01 22:07:02 Finished transferring input files
...
001 (1701823.010.000) 08/01 22:07:03 Job executing on host: <128.142.195.157:9618?addrs=128.142.195.157-9618+[2001-1458-301-50--100-16]-9618&alias=b7g33p7726.cern.ch&noUDP&sock=startd_61393_11ed>
...
006 (1701823.010.000) 08/01 22:07:12 Image size of job updated: 497448
	131  -  MemoryUsage of job (MB)
	133552  -  ResidentSetSize of job (KB)
...
006 (1701823.010.000) 08/01 22:12:13 Image size of job updated: 735900
	238  -  MemoryUsage of job (MB)
	242888  -  ResidentSetSize of job (KB)
...
006 (1701823.010.000) 08/01 22:32:15 Image size of job updated: 736500
	238  -  MemoryUsage of job (MB)
	242888  -  ResidentSetSize of job (KB)
...
040 (1701823.010.000) 08/02 00:10:29 Started transferring output files
...
040 (1701823.010.000) 08/02 00:10:29 Finished transferring output files
...
005 (1701823.010.000) 08/02 00:10:29 Job terminated.
	(1) Normal termination (return value 0)
		Usr 0 01:57:58, Sys 0 00:00:10  -  Run Remote Usage
		Usr 0 00:00:00, Sys 0 00:00:00  -  Run Local Usage
		Usr 0 01:57:58, Sys 0 00:00:10  -  Total Remote Usage
		Usr 0 00:00:00, Sys 0 00:00:00  -  Total Local Usage
	8648  -  Run Bytes Sent By Job
	301  -  Run Bytes Received By Job
	8648  -  Total Bytes Sent By Job
	301  -  Total Bytes Received By Job
	Partitionable Resources :    Usage  Request Allocated 
	   Cpus                 :     1.00        1         1 
	   Disk (KB)            :    67           1   2949658 
	   Memory (MB)          :   238        2000      2000 

	Job terminated of its own accord at 2023-08-01T22:10:29Z.
...
