000 (1701126.009.000) 08/01 19:23:09 Job submitted from host: <188.185.6.50:9618?addrs=188.185.6.50-9618+[2001-1458-d00-62--100-2b1]-9618&alias=bigbird25.cern.ch&noUDP&sock=schedd_8267_0d88>
...
040 (1701126.009.000) 08/01 19:24:57 Started transferring input files
	Transferring to host: <188.184.160.168:9618?addrs=188.184.160.168-9618+[2001-1458-301-48--100-a2]-9618&alias=b7s09p5173.cern.ch&noUDP&sock=slot1_26_208885_2107_49299>
...
040 (1701126.009.000) 08/01 19:24:57 Finished transferring input files
...
001 (1701126.009.000) 08/01 19:24:58 Job executing on host: <188.184.160.168:9618?addrs=188.184.160.168-9618+[2001-1458-301-48--100-a2]-9618&alias=b7s09p5173.cern.ch&noUDP&sock=startd_208847_3fd3>
...
006 (1701126.009.000) 08/01 19:25:06 Image size of job updated: 1088716
	493  -  MemoryUsage of job (MB)
	504276  -  ResidentSetSize of job (KB)
...
006 (1701126.009.000) 08/01 19:30:06 Image size of job updated: 1106060
	599  -  MemoryUsage of job (MB)
	612540  -  ResidentSetSize of job (KB)
...
006 (1701126.009.000) 08/01 19:35:07 Image size of job updated: 1106224
	599  -  MemoryUsage of job (MB)
	612540  -  ResidentSetSize of job (KB)
...
006 (1701126.009.000) 08/01 19:40:07 Image size of job updated: 1106224
	600  -  MemoryUsage of job (MB)
	614032  -  ResidentSetSize of job (KB)
...
006 (1701126.009.000) 08/01 19:55:08 Image size of job updated: 1106224
	600  -  MemoryUsage of job (MB)
	614100  -  ResidentSetSize of job (KB)
...
006 (1701126.009.000) 08/01 21:15:16 Image size of job updated: 1106224
	603  -  MemoryUsage of job (MB)
	617148  -  ResidentSetSize of job (KB)
...
040 (1701126.009.000) 08/01 21:19:00 Started transferring output files
...
040 (1701126.009.000) 08/01 21:19:00 Finished transferring output files
...
005 (1701126.009.000) 08/01 21:19:00 Job terminated.
	(1) Normal termination (return value 0)
		Usr 0 01:53:05, Sys 0 00:00:11  -  Run Remote Usage
		Usr 0 00:00:00, Sys 0 00:00:00  -  Run Local Usage
		Usr 0 01:53:05, Sys 0 00:00:11  -  Total Remote Usage
		Usr 0 00:00:00, Sys 0 00:00:00  -  Total Local Usage
	13048  -  Run Bytes Sent By Job
	301  -  Run Bytes Received By Job
	13048  -  Total Bytes Sent By Job
	301  -  Total Bytes Received By Job
	Partitionable Resources :    Usage  Request Allocated 
	   Cpus                 :     0.99        1         1 
	   Disk (KB)            :    72           1   3019034 
	   Memory (MB)          :   603        2000      2000 

	Job terminated of its own accord at 2023-08-01T19:19:00Z.
...
000 (1701823.009.000) 08/01 22:04:39 Job submitted from host: <188.185.6.50:9618?addrs=188.185.6.50-9618+[2001-1458-d00-62--100-2b1]-9618&alias=bigbird25.cern.ch&noUDP&sock=schedd_8267_0d88>
...
040 (1701823.009.000) 08/01 22:07:02 Started transferring input files
	Transferring to host: <188.184.162.131:9618?addrs=188.184.162.131-9618+[2001-1458-301-4a--100-7d]-9618&alias=b7s11p6193.cern.ch&noUDP&sock=slot1_9_3561_cbea_7097>
...
040 (1701823.009.000) 08/01 22:07:02 Finished transferring input files
...
001 (1701823.009.000) 08/01 22:07:03 Job executing on host: <188.184.162.131:9618?addrs=188.184.162.131-9618+[2001-1458-301-4a--100-7d]-9618&alias=b7s11p6193.cern.ch&noUDP&sock=startd_2899_0d25>
...
006 (1701823.009.000) 08/01 22:07:11 Image size of job updated: 197084
	131  -  MemoryUsage of job (MB)
	133740  -  ResidentSetSize of job (KB)
...
006 (1701823.009.000) 08/01 22:12:11 Image size of job updated: 735524
	237  -  MemoryUsage of job (MB)
	241988  -  ResidentSetSize of job (KB)
...
006 (1701823.009.000) 08/01 22:17:12 Image size of job updated: 735672
	239  -  MemoryUsage of job (MB)
	244296  -  ResidentSetSize of job (KB)
...
040 (1701823.009.000) 08/02 00:54:11 Started transferring output files
...
040 (1701823.009.000) 08/02 00:54:11 Finished transferring output files
...
009 (1701823.009.000) 08/02 00:54:11 Job was aborted.
	Job removed by SYSTEM_PERIODIC_REMOVE due to wall time exceeded allowed max.
...
