000 (1706358.007.000) 08/02 22:50:04 Job submitted from host: <188.185.6.50:9618?addrs=188.185.6.50-9618+[2001-1458-d00-62--100-2b1]-9618&alias=bigbird25.cern.ch&noUDP&sock=schedd_8267_0d88>
...
040 (1706358.007.000) 08/02 23:01:15 Started transferring input files
	Transferring to host: <128.142.61.21:9618?addrs=128.142.61.21-9618+[2001-1458-301-23--100-14]-9618&alias=b7s06p0152.cern.ch&noUDP&sock=slot1_9_8710_bb9b_129496>
...
040 (1706358.007.000) 08/02 23:01:15 Finished transferring input files
...
001 (1706358.007.000) 08/02 23:01:16 Job executing on host: <128.142.61.21:9618?addrs=128.142.61.21-9618+[2001-1458-301-23--100-14]-9618&alias=b7s06p0152.cern.ch&noUDP&sock=startd_7279_5df6>
...
006 (1706358.007.000) 08/02 23:01:24 Image size of job updated: 134664
	70  -  MemoryUsage of job (MB)
	71332  -  ResidentSetSize of job (KB)
...
006 (1706358.007.000) 08/02 23:06:24 Image size of job updated: 802344
	221  -  MemoryUsage of job (MB)
	225332  -  ResidentSetSize of job (KB)
...
040 (1706358.007.000) 08/03 00:09:06 Started transferring output files
...
040 (1706358.007.000) 08/03 00:09:06 Finished transferring output files
...
005 (1706358.007.000) 08/03 00:09:06 Job terminated.
	(1) Normal termination (return value 0)
		Usr 0 01:07:30, Sys 0 00:00:07  -  Run Remote Usage
		Usr 0 00:00:00, Sys 0 00:00:00  -  Run Local Usage
		Usr 0 01:07:30, Sys 0 00:00:07  -  Total Remote Usage
		Usr 0 00:00:00, Sys 0 00:00:00  -  Total Local Usage
	8609  -  Run Bytes Sent By Job
	301  -  Run Bytes Received By Job
	8609  -  Total Bytes Sent By Job
	301  -  Total Bytes Received By Job
	Partitionable Resources :    Usage  Request Allocated 
	   Cpus                 :     1.00        1         1 
	   Disk (KB)            :    67           1   1237869 
	   Memory (MB)          :   221        2000      2000 

	Job terminated of its own accord at 2023-08-02T22:09:06Z.
...
