000 (1706358.008.000) 08/02 22:50:04 Job submitted from host: <188.185.6.50:9618?addrs=188.185.6.50-9618+[2001-1458-d00-62--100-2b1]-9618&alias=bigbird25.cern.ch&noUDP&sock=schedd_8267_0d88>
...
040 (1706358.008.000) 08/02 23:01:17 Started transferring input files
	Transferring to host: <128.142.195.165:9618?addrs=128.142.195.165-9618+[2001-1458-301-50--100-1e]-9618&alias=b7g33p3300.cern.ch&noUDP&sock=slot1_10_38126_f747_24512>
...
040 (1706358.008.000) 08/02 23:01:17 Finished transferring input files
...
001 (1706358.008.000) 08/02 23:01:18 Job executing on host: <128.142.195.165:9618?addrs=128.142.195.165-9618+[2001-1458-301-50--100-1e]-9618&alias=b7g33p3300.cern.ch&noUDP&sock=startd_2960_e46c>
...
006 (1706358.008.000) 08/02 23:01:26 Image size of job updated: 658768
	71  -  MemoryUsage of job (MB)
	72376  -  ResidentSetSize of job (KB)
...
006 (1706358.008.000) 08/02 23:06:26 Image size of job updated: 674764
	80  -  MemoryUsage of job (MB)
	81708  -  ResidentSetSize of job (KB)
...
006 (1706358.008.000) 08/02 23:11:27 Image size of job updated: 675096
	177  -  MemoryUsage of job (MB)
	180852  -  ResidentSetSize of job (KB)
...
006 (1706358.008.000) 08/02 23:16:27 Image size of job updated: 675096
	178  -  MemoryUsage of job (MB)
	182140  -  ResidentSetSize of job (KB)
...
006 (1706358.008.000) 08/02 23:21:27 Image size of job updated: 675364
	178  -  MemoryUsage of job (MB)
	182140  -  ResidentSetSize of job (KB)
...
006 (1706358.008.000) 08/02 23:26:28 Image size of job updated: 675364
	187  -  MemoryUsage of job (MB)
	191032  -  ResidentSetSize of job (KB)
...
006 (1706358.008.000) 08/02 23:31:29 Image size of job updated: 677232
	199  -  MemoryUsage of job (MB)
	202888  -  ResidentSetSize of job (KB)
...
040 (1706358.008.000) 08/03 01:20:51 Started transferring output files
...
040 (1706358.008.000) 08/03 01:20:51 Finished transferring output files
...
005 (1706358.008.000) 08/03 01:20:51 Job terminated.
	(1) Normal termination (return value 0)
		Usr 0 02:16:01, Sys 0 00:00:05  -  Run Remote Usage
		Usr 0 00:00:00, Sys 0 00:00:00  -  Run Local Usage
		Usr 0 02:16:01, Sys 0 00:00:05  -  Total Remote Usage
		Usr 0 00:00:00, Sys 0 00:00:00  -  Total Local Usage
	8641  -  Run Bytes Sent By Job
	301  -  Run Bytes Received By Job
	8641  -  Total Bytes Sent By Job
	301  -  Total Bytes Received By Job
	Partitionable Resources :    Usage  Request Allocated 
	   Cpus                 :     1.00        1         1 
	   Disk (KB)            :    67           1   2948221 
	   Memory (MB)          :   199        2000      2000 

	Job terminated of its own accord at 2023-08-02T23:20:51Z.
...
