000 (1706358.003.000) 08/02 22:50:04 Job submitted from host: <188.185.6.50:9618?addrs=188.185.6.50-9618+[2001-1458-d00-62--100-2b1]-9618&alias=bigbird25.cern.ch&noUDP&sock=schedd_8267_0d88>
...
040 (1706358.003.000) 08/02 23:01:13 Started transferring input files
	Transferring to host: <128.142.61.38:9618?addrs=128.142.61.38-9618+[2001-1458-301-23--100-25]-9618&alias=b7s06p8377.cern.ch&noUDP&sock=slot1_5_20102_6d6b_117022>
...
040 (1706358.003.000) 08/02 23:01:13 Finished transferring input files
...
001 (1706358.003.000) 08/02 23:01:14 Job executing on host: <128.142.61.38:9618?addrs=128.142.61.38-9618+[2001-1458-301-23--100-25]-9618&alias=b7s06p8377.cern.ch&noUDP&sock=startd_20065_7fe1>
...
006 (1706358.003.000) 08/02 23:01:23 Image size of job updated: 353024
	71  -  MemoryUsage of job (MB)
	72652  -  ResidentSetSize of job (KB)
...
006 (1706358.003.000) 08/02 23:06:24 Image size of job updated: 673316
	177  -  MemoryUsage of job (MB)
	180248  -  ResidentSetSize of job (KB)
...
006 (1706358.003.000) 08/02 23:11:25 Image size of job updated: 804144
	233  -  MemoryUsage of job (MB)
	238584  -  ResidentSetSize of job (KB)
...
006 (1706358.003.000) 08/02 23:21:25 Image size of job updated: 804188
	252  -  MemoryUsage of job (MB)
	257880  -  ResidentSetSize of job (KB)
...
040 (1706358.003.000) 08/03 00:46:29 Started transferring output files
...
040 (1706358.003.000) 08/03 00:46:29 Finished transferring output files
...
005 (1706358.003.000) 08/03 00:46:29 Job terminated.
	(1) Normal termination (return value 0)
		Usr 0 01:44:50, Sys 0 00:00:04  -  Run Remote Usage
		Usr 0 00:00:00, Sys 0 00:00:00  -  Run Local Usage
		Usr 0 01:44:50, Sys 0 00:00:04  -  Total Remote Usage
		Usr 0 00:00:00, Sys 0 00:00:00  -  Total Local Usage
	8639  -  Run Bytes Sent By Job
	301  -  Run Bytes Received By Job
	8639  -  Total Bytes Sent By Job
	301  -  Total Bytes Received By Job
	Partitionable Resources :    Usage  Request Allocated 
	   Cpus                 :     1.00        1         1 
	   Disk (KB)            :    67           1   1239865 
	   Memory (MB)          :   252        2000      2000 

	Job terminated of its own accord at 2023-08-02T22:46:29Z.
...
