000 (1706358.006.000) 08/02 22:50:04 Job submitted from host: <188.185.6.50:9618?addrs=188.185.6.50-9618+[2001-1458-d00-62--100-2b1]-9618&alias=bigbird25.cern.ch&noUDP&sock=schedd_8267_0d88>
...
040 (1706358.006.000) 08/02 23:01:17 Started transferring input files
	Transferring to host: <128.142.61.106:9618?addrs=128.142.61.106-9618&alias=b7s06p9034.cern.ch&noUDP&sock=slot1_4_3323_1aa0_15015>
...
040 (1706358.006.000) 08/02 23:01:17 Finished transferring input files
...
001 (1706358.006.000) 08/02 23:01:18 Job executing on host: <128.142.61.106:9618?addrs=128.142.61.106-9618&alias=b7s06p9034.cern.ch&noUDP&sock=startd_2744_bbf7>
...
006 (1706358.006.000) 08/02 23:01:26 Image size of job updated: 136052
	72  -  MemoryUsage of job (MB)
	72720  -  ResidentSetSize of job (KB)
...
006 (1706358.006.000) 08/02 23:06:26 Image size of job updated: 802828
	223  -  MemoryUsage of job (MB)
	227480  -  ResidentSetSize of job (KB)
...
006 (1706358.006.000) 08/02 23:11:27 Image size of job updated: 802828
	224  -  MemoryUsage of job (MB)
	228752  -  ResidentSetSize of job (KB)
...
006 (1706358.006.000) 08/02 23:21:28 Image size of job updated: 803476
	224  -  MemoryUsage of job (MB)
	228752  -  ResidentSetSize of job (KB)
...
040 (1706358.006.000) 08/03 00:29:58 Started transferring output files
...
040 (1706358.006.000) 08/03 00:29:58 Finished transferring output files
...
005 (1706358.006.000) 08/03 00:29:58 Job terminated.
	(1) Normal termination (return value 0)
		Usr 0 01:28:16, Sys 0 00:00:04  -  Run Remote Usage
		Usr 0 00:00:00, Sys 0 00:00:00  -  Run Local Usage
		Usr 0 01:28:16, Sys 0 00:00:04  -  Total Remote Usage
		Usr 0 00:00:00, Sys 0 00:00:00  -  Total Local Usage
	8615  -  Run Bytes Sent By Job
	301  -  Run Bytes Received By Job
	8615  -  Total Bytes Sent By Job
	301  -  Total Bytes Received By Job
	Partitionable Resources :    Usage  Request Allocated 
	   Cpus                 :     1.00        1         1 
	   Disk (KB)            :    67           1   2906720 
	   Memory (MB)          :   224        2000      2000 

	Job terminated of its own accord at 2023-08-02T22:29:58Z.
...
