000 (1706358.000.000) 08/02 22:50:04 Job submitted from host: <188.185.6.50:9618?addrs=188.185.6.50-9618+[2001-1458-d00-62--100-2b1]-9618&alias=bigbird25.cern.ch&noUDP&sock=schedd_8267_0d88>
...
040 (1706358.000.000) 08/02 23:01:12 Started transferring input files
	Transferring to host: <128.142.132.80:9618?addrs=128.142.132.80-9618+[2001-1458-301-5a--100-44]-9618&alias=b7g12p9560.cern.ch&noUDP&sock=slot1_8_3078_7ab6_28938>
...
040 (1706358.000.000) 08/02 23:01:12 Finished transferring input files
...
001 (1706358.000.000) 08/02 23:01:13 Job executing on host: <128.142.132.80:9618?addrs=128.142.132.80-9618+[2001-1458-301-5a--100-44]-9618&alias=b7g12p9560.cern.ch&noUDP&sock=startd_2884_c339>
...
006 (1706358.000.000) 08/02 23:01:22 Image size of job updated: 432560
	58  -  MemoryUsage of job (MB)
	58644  -  ResidentSetSize of job (KB)
...
006 (1706358.000.000) 08/02 23:06:23 Image size of job updated: 535316
	74  -  MemoryUsage of job (MB)
	75716  -  ResidentSetSize of job (KB)
...
006 (1706358.000.000) 08/02 23:11:23 Image size of job updated: 535320
	74  -  MemoryUsage of job (MB)
	75740  -  ResidentSetSize of job (KB)
...
006 (1706358.000.000) 08/02 23:16:23 Image size of job updated: 535320
	137  -  MemoryUsage of job (MB)
	139912  -  ResidentSetSize of job (KB)
...
006 (1706358.000.000) 08/02 23:21:24 Image size of job updated: 535324
	137  -  MemoryUsage of job (MB)
	139912  -  ResidentSetSize of job (KB)
...
006 (1706358.000.000) 08/02 23:26:24 Image size of job updated: 788028
	137  -  MemoryUsage of job (MB)
	139912  -  ResidentSetSize of job (KB)
...
040 (1706358.000.000) 08/03 00:42:04 Started transferring output files
...
040 (1706358.000.000) 08/03 00:42:04 Finished transferring output files
...
005 (1706358.000.000) 08/03 00:42:04 Job terminated.
	(1) Normal termination (return value 0)
		Usr 0 01:40:10, Sys 0 00:00:04  -  Run Remote Usage
		Usr 0 00:00:00, Sys 0 00:00:00  -  Run Local Usage
		Usr 0 01:40:10, Sys 0 00:00:04  -  Total Remote Usage
		Usr 0 00:00:00, Sys 0 00:00:00  -  Total Local Usage
	7914  -  Run Bytes Sent By Job
	301  -  Run Bytes Received By Job
	7914  -  Total Bytes Sent By Job
	301  -  Total Bytes Received By Job
	Partitionable Resources :    Usage  Request Allocated 
	   Cpus                 :     1.00        1         1 
	   Disk (KB)            :    66           1   1595829 
	   Memory (MB)          :   137        2000      2000 

	Job terminated of its own accord at 2023-08-02T22:42:03Z.
...
