000 (1701126.013.000) 08/01 19:23:09 Job submitted from host: <188.185.6.50:9618?addrs=188.185.6.50-9618+[2001-1458-d00-62--100-2b1]-9618&alias=bigbird25.cern.ch&noUDP&sock=schedd_8267_0d88>
...
040 (1701126.013.000) 08/01 19:25:00 Started transferring input files
	Transferring to host: <188.184.162.181:9618?addrs=188.184.162.181-9618&alias=b7s11p8005.cern.ch&noUDP&sock=slot1_8_3719_1f30_138956>
...
040 (1701126.013.000) 08/01 19:25:00 Finished transferring input files
...
001 (1701126.013.000) 08/01 19:25:01 Job executing on host: <188.184.162.181:9618?addrs=188.184.162.181-9618&alias=b7s11p8005.cern.ch&noUDP&sock=startd_2983_ab19>
...
006 (1701126.013.000) 08/01 19:25:09 Image size of job updated: 1210148
	492  -  MemoryUsage of job (MB)
	503140  -  ResidentSetSize of job (KB)
...
006 (1701126.013.000) 08/01 19:30:10 Image size of job updated: 1219156
	496  -  MemoryUsage of job (MB)
	507876  -  ResidentSetSize of job (KB)
...
006 (1701126.013.000) 08/01 19:35:11 Image size of job updated: 1227196
	526  -  MemoryUsage of job (MB)
	537720  -  ResidentSetSize of job (KB)
...
006 (1701126.013.000) 08/01 19:40:11 Image size of job updated: 1227268
	527  -  MemoryUsage of job (MB)
	538764  -  ResidentSetSize of job (KB)
...
006 (1701126.013.000) 08/01 19:45:11 Image size of job updated: 1227484
	578  -  MemoryUsage of job (MB)
	591396  -  ResidentSetSize of job (KB)
...
006 (1701126.013.000) 08/01 19:55:13 Image size of job updated: 1227484
	579  -  MemoryUsage of job (MB)
	592804  -  ResidentSetSize of job (KB)
...
006 (1701126.013.000) 08/01 20:00:13 Image size of job updated: 1227484
	581  -  MemoryUsage of job (MB)
	594212  -  ResidentSetSize of job (KB)
...
006 (1701126.013.000) 08/01 20:05:14 Image size of job updated: 1227484
	585  -  MemoryUsage of job (MB)
	598428  -  ResidentSetSize of job (KB)
...
006 (1701126.013.000) 08/01 20:10:15 Image size of job updated: 1227484
	586  -  MemoryUsage of job (MB)
	599836  -  ResidentSetSize of job (KB)
...
006 (1701126.013.000) 08/01 20:15:15 Image size of job updated: 1227484
	593  -  MemoryUsage of job (MB)
	606868  -  ResidentSetSize of job (KB)
...
006 (1701126.013.000) 08/01 20:20:15 Image size of job updated: 1227484
	606  -  MemoryUsage of job (MB)
	619524  -  ResidentSetSize of job (KB)
...
040 (1701126.013.000) 08/01 20:22:15 Started transferring output files
...
040 (1701126.013.000) 08/01 20:22:15 Finished transferring output files
...
005 (1701126.013.000) 08/01 20:22:15 Job terminated.
	(1) Normal termination (return value 0)
		Usr 0 00:56:51, Sys 0 00:00:06  -  Run Remote Usage
		Usr 0 00:00:00, Sys 0 00:00:00  -  Run Local Usage
		Usr 0 00:56:51, Sys 0 00:00:06  -  Total Remote Usage
		Usr 0 00:00:00, Sys 0 00:00:00  -  Total Local Usage
	12996  -  Run Bytes Sent By Job
	301  -  Run Bytes Received By Job
	12996  -  Total Bytes Sent By Job
	301  -  Total Bytes Received By Job
	Partitionable Resources :    Usage  Request Allocated 
	   Cpus                 :     0.99        1         1 
	   Disk (KB)            :    71           1   3007099 
	   Memory (MB)          :   606        2000      2000 

	Job terminated of its own accord at 2023-08-01T18:22:15Z.
...
000 (1701823.013.000) 08/01 22:04:39 Job submitted from host: <188.185.6.50:9618?addrs=188.185.6.50-9618+[2001-1458-d00-62--100-2b1]-9618&alias=bigbird25.cern.ch&noUDP&sock=schedd_8267_0d88>
...
040 (1701823.013.000) 08/01 22:07:03 Started transferring input files
	Transferring to host: <128.142.58.26:9618?addrs=128.142.58.26-9618+[2001-1458-301-16--100-19]-9618&alias=b7s03p1143.cern.ch&noUDP&sock=slot1_35_9012_84e8_123981>
...
040 (1701823.013.000) 08/01 22:07:03 Finished transferring input files
...
001 (1701823.013.000) 08/01 22:07:04 Job executing on host: <128.142.58.26:9618?addrs=128.142.58.26-9618+[2001-1458-301-16--100-19]-9618&alias=b7s03p1143.cern.ch&noUDP&sock=startd_7298_6642>
...
006 (1701823.013.000) 08/01 22:07:12 Image size of job updated: 839620
	130  -  MemoryUsage of job (MB)
	132608  -  ResidentSetSize of job (KB)
...
006 (1701823.013.000) 08/01 22:12:12 Image size of job updated: 848628
	164  -  MemoryUsage of job (MB)
	167444  -  ResidentSetSize of job (KB)
...
006 (1701823.013.000) 08/01 22:17:13 Image size of job updated: 856740
	164  -  MemoryUsage of job (MB)
	167444  -  ResidentSetSize of job (KB)
...
006 (1701823.013.000) 08/01 22:22:13 Image size of job updated: 856956
	164  -  MemoryUsage of job (MB)
	167444  -  ResidentSetSize of job (KB)
...
040 (1701823.013.000) 08/01 23:05:54 Started transferring output files
...
040 (1701823.013.000) 08/01 23:05:54 Finished transferring output files
...
005 (1701823.013.000) 08/01 23:05:54 Job terminated.
	(1) Normal termination (return value 0)
		Usr 0 00:58:16, Sys 0 00:00:02  -  Run Remote Usage
		Usr 0 00:00:00, Sys 0 00:00:00  -  Run Local Usage
		Usr 0 00:58:16, Sys 0 00:00:02  -  Total Remote Usage
		Usr 0 00:00:00, Sys 0 00:00:00  -  Total Local Usage
	8596  -  Run Bytes Sent By Job
	301  -  Run Bytes Received By Job
	8596  -  Total Bytes Sent By Job
	301  -  Total Bytes Received By Job
	Partitionable Resources :    Usage  Request Allocated 
	   Cpus                 :     1.00        1         1 
	   Disk (KB)            :    67           1   1256229 
	   Memory (MB)          :   164        2000      2000 

	Job terminated of its own accord at 2023-08-01T21:05:54Z.
...
