000 (1701126.015.000) 08/01 19:23:09 Job submitted from host: <188.185.6.50:9618?addrs=188.185.6.50-9618+[2001-1458-d00-62--100-2b1]-9618&alias=bigbird25.cern.ch&noUDP&sock=schedd_8267_0d88>
...
040 (1701126.015.000) 08/01 19:25:06 Started transferring input files
	Transferring to host: <188.184.162.189:9618?addrs=188.184.162.189-9618+[2001-1458-301-4a--100-b7]-9618&alias=b7s11p1071.cern.ch&noUDP&sock=slot1_7_220087_f38f_132794>
...
040 (1701126.015.000) 08/01 19:25:06 Finished transferring input files
...
001 (1701126.015.000) 08/01 19:25:07 Job executing on host: <188.184.162.189:9618?addrs=188.184.162.189-9618+[2001-1458-301-4a--100-b7]-9618&alias=b7s11p1071.cern.ch&noUDP&sock=startd_220035_4968>
...
006 (1701126.015.000) 08/01 19:25:16 Image size of job updated: 264480
	8  -  MemoryUsage of job (MB)
	7244  -  ResidentSetSize of job (KB)
...
006 (1701126.015.000) 08/01 19:30:17 Image size of job updated: 1212876
	493  -  MemoryUsage of job (MB)
	504480  -  ResidentSetSize of job (KB)
...
006 (1701126.015.000) 08/01 19:35:18 Image size of job updated: 1235504
	643  -  MemoryUsage of job (MB)
	657684  -  ResidentSetSize of job (KB)
...
040 (1701126.015.000) 08/01 20:46:41 Started transferring output files
...
040 (1701126.015.000) 08/01 20:46:41 Finished transferring output files
...
005 (1701126.015.000) 08/01 20:46:41 Job terminated.
	(1) Normal termination (return value 0)
		Usr 0 01:19:02, Sys 0 00:00:08  -  Run Remote Usage
		Usr 0 00:00:00, Sys 0 00:00:00  -  Run Local Usage
		Usr 0 01:19:02, Sys 0 00:00:08  -  Total Remote Usage
		Usr 0 00:00:00, Sys 0 00:00:00  -  Total Local Usage
	13000  -  Run Bytes Sent By Job
	301  -  Run Bytes Received By Job
	13000  -  Total Bytes Sent By Job
	301  -  Total Bytes Received By Job
	Partitionable Resources :    Usage  Request Allocated 
	   Cpus                 :     0.98        1         1 
	   Disk (KB)            :    72           1   3043368 
	   Memory (MB)          :   643        2000      2000 

	Job terminated of its own accord at 2023-08-01T18:46:41Z.
...
000 (1701823.015.000) 08/01 22:04:39 Job submitted from host: <188.185.6.50:9618?addrs=188.185.6.50-9618+[2001-1458-d00-62--100-2b1]-9618&alias=bigbird25.cern.ch&noUDP&sock=schedd_8267_0d88>
...
040 (1701823.015.000) 08/01 22:07:04 Started transferring input files
	Transferring to host: <128.142.58.43:9618?addrs=128.142.58.43-9618+[2001-1458-301-16--100-2a]-9618&alias=b7s03p3631.cern.ch&noUDP&sock=slot1_23_15490_db2f_51741>
...
040 (1701823.015.000) 08/01 22:07:04 Finished transferring input files
...
001 (1701823.015.000) 08/01 22:07:05 Job executing on host: <128.142.58.43:9618?addrs=128.142.58.43-9618+[2001-1458-301-16--100-2a]-9618&alias=b7s03p3631.cern.ch&noUDP&sock=startd_15444_e0be>
...
006 (1701823.015.000) 08/01 22:07:13 Image size of job updated: 199128
	130  -  MemoryUsage of job (MB)
	132252  -  ResidentSetSize of job (KB)
...
006 (1701823.015.000) 08/01 22:12:13 Image size of job updated: 864976
	279  -  MemoryUsage of job (MB)
	285208  -  ResidentSetSize of job (KB)
...
040 (1701823.015.000) 08/01 23:17:13 Started transferring output files
...
040 (1701823.015.000) 08/01 23:17:13 Finished transferring output files
...
005 (1701823.015.000) 08/01 23:17:13 Job terminated.
	(1) Normal termination (return value 0)
		Usr 0 01:09:27, Sys 0 00:00:18  -  Run Remote Usage
		Usr 0 00:00:00, Sys 0 00:00:00  -  Run Local Usage
		Usr 0 01:09:27, Sys 0 00:00:18  -  Total Remote Usage
		Usr 0 00:00:00, Sys 0 00:00:00  -  Total Local Usage
	8600  -  Run Bytes Sent By Job
	301  -  Run Bytes Received By Job
	8600  -  Total Bytes Sent By Job
	301  -  Total Bytes Received By Job
	Partitionable Resources :    Usage  Request Allocated 
	   Cpus                 :     1.00        1         1 
	   Disk (KB)            :    67           1   1302588 
	   Memory (MB)          :   279        2000      2000 

	Job terminated of its own accord at 2023-08-01T21:17:13Z.
...
