000 (1706358.014.000) 08/02 22:50:04 Job submitted from host: <188.185.6.50:9618?addrs=188.185.6.50-9618+[2001-1458-d00-62--100-2b1]-9618&alias=bigbird25.cern.ch&noUDP&sock=schedd_8267_0d88>
...
040 (1706358.014.000) 08/02 23:01:18 Started transferring input files
	Transferring to host: <128.142.131.86:9618?addrs=128.142.131.86-9618+[2001-1458-301-59--100-4a]-9618&alias=b7g11p1165.cern.ch&noUDP&sock=slot1_11_3514_ae48_87793>
...
040 (1706358.014.000) 08/02 23:01:18 Finished transferring input files
...
001 (1706358.014.000) 08/02 23:01:19 Job executing on host: <128.142.131.86:9618?addrs=128.142.131.86-9618+[2001-1458-301-59--100-4a]-9618&alias=b7g11p1165.cern.ch&noUDP&sock=startd_2974_7ebf>
...
006 (1706358.014.000) 08/02 23:01:27 Image size of job updated: 134208
	70  -  MemoryUsage of job (MB)
	71364  -  ResidentSetSize of job (KB)
...
006 (1706358.014.000) 08/02 23:06:27 Image size of job updated: 802992
	97  -  MemoryUsage of job (MB)
	99288  -  ResidentSetSize of job (KB)
...
006 (1706358.014.000) 08/02 23:11:28 Image size of job updated: 802992
	231  -  MemoryUsage of job (MB)
	236456  -  ResidentSetSize of job (KB)
...
006 (1706358.014.000) 08/02 23:16:28 Image size of job updated: 803452
	231  -  MemoryUsage of job (MB)
	236456  -  ResidentSetSize of job (KB)
...
040 (1706358.014.000) 08/02 23:49:27 Started transferring output files
...
040 (1706358.014.000) 08/02 23:49:27 Finished transferring output files
...
005 (1706358.014.000) 08/02 23:49:27 Job terminated.
	(1) Normal termination (return value 0)
		Usr 0 00:47:52, Sys 0 00:00:06  -  Run Remote Usage
		Usr 0 00:00:00, Sys 0 00:00:00  -  Run Local Usage
		Usr 0 00:47:52, Sys 0 00:00:06  -  Total Remote Usage
		Usr 0 00:00:00, Sys 0 00:00:00  -  Total Local Usage
	8581  -  Run Bytes Sent By Job
	301  -  Run Bytes Received By Job
	8581  -  Total Bytes Sent By Job
	301  -  Total Bytes Received By Job
	Partitionable Resources :    Usage  Request Allocated 
	   Cpus                 :     1.00        1         1 
	   Disk (KB)            :    67           1   1713314 
	   Memory (MB)          :   231        2000      2000 

	Job terminated of its own accord at 2023-08-02T21:49:27Z.
...
